#
# There is insufficient memory for the Java Runtime Environment to continue.
# Native memory allocation (malloc) failed to allocate 32744 bytes for ChunkPool::allocate
# Possible reasons:
#   The system is out of physical RAM or swap space
#   The process is running with CompressedOops enabled, and the Java Heap may be blocking the growth of the native heap
# Possible solutions:
#   Reduce memory load on the system
#   Increase physical memory or swap space
#   Check if swap backing store is full
#   Decrease Java heap size (-Xmx/-Xms)
#   Decrease number of Java threads
#   Decrease Java thread stack sizes (-Xss)
#   Set larger code cache with -XX:ReservedCodeCacheSize=
#   JVM is running with Unscaled Compressed Oops mode in which the Java heap is
#     placed in the first 4GB address space. The Java Heap base address is the
#     maximum limit for the native heap growth. Please use -XX:HeapBaseMinAddress
#     to set the Java Heap base and to place the Java Heap above 4GB virtual address.
# This output file may be truncated or incomplete.
#
#  Out of Memory Error (allocation.cpp:272), pid=20120, tid=0x00000000000016ac
#
# JRE version: OpenJDK Runtime Environment (8.0_242-b01) (build 1.8.0_242-release-1644-b01)
# Java VM: OpenJDK 64-Bit Server VM (25.242-b01 mixed mode windows-amd64 compressed oops)
# Failed to write core dump. Minidumps are not enabled by default on client versions of Windows
#

---------------  T H R E A D  ---------------

Current thread (0x0000000016b8c000):  JavaThread "C1 CompilerThread2" daemon [_thread_in_native, id=5804, stack(0x0000000017380000,0x0000000017480000)]

Stack: [0x0000000017380000,0x0000000017480000]
[error occurred during error reporting (printing stack bounds), id 0xc0000005]

Native frames: (J=compiled Java code, j=interpreted, Vv=VM code, C=native code)


Current CompileTask:
C1:   4979 1755       3       org.objectweb.asm.Frame::execute (2318 bytes)


---------------  P R O C E S S  ---------------

Java Threads: ( => current thread )
  0x0000000017742000 JavaThread "Cache worker for file hash cache (C:\Users\DosGo\.gradle\caches\6.5\fileHashes)" [_thread_blocked, id=17252, stack(0x000000001b3d0000,0x000000001b4d0000)]
  0x0000000019312800 JavaThread "File lock request listener" [_thread_in_native, id=3932, stack(0x000000001b2d0000,0x000000001b3d0000)]
  0x0000000019376800 JavaThread "Cache worker for journal cache (C:\Users\DosGo\.gradle\caches\journal-1)" [_thread_blocked, id=15680, stack(0x000000001b0d0000,0x000000001b1d0000)]
  0x00000000192c7800 JavaThread "Thread-9" [_thread_blocked, id=18552, stack(0x000000001add0000,0x000000001aed0000)]
  0x00000000192fd800 JavaThread "Stdin handler" [_thread_blocked, id=15960, stack(0x000000001acd0000,0x000000001add0000)]
  0x00000000192a9800 JavaThread "Asynchronous log dispatcher for DefaultDaemonConnection: socket connection from /127.0.0.1:60235 to /127.0.0.1:60236" [_thread_blocked, id=1256, stack(0x000000001abd0000,0x000000001acd0000)]
  0x00000000192a5000 JavaThread "Daemon worker" [_thread_in_vm, id=7648, stack(0x000000001aad0000,0x000000001abd0000)]
  0x00000000192c3000 JavaThread "Cancel handler" [_thread_blocked, id=17608, stack(0x000000001a9d0000,0x000000001aad0000)]
  0x000000001929f000 JavaThread "Handler for socket connection from /127.0.0.1:60235 to /127.0.0.1:60236" [_thread_in_native, id=8488, stack(0x000000001a8d0000,0x000000001a9d0000)]
  0x000000001929e000 JavaThread "Daemon" [_thread_blocked, id=12920, stack(0x000000001a7d0000,0x000000001a8d0000)]
  0x0000000019291800 JavaThread "Daemon periodic checks" [_thread_blocked, id=10768, stack(0x000000001a4d0000,0x000000001a5d0000)]
  0x000000001921d800 JavaThread "Incoming local TCP Connector on port 60235" [_thread_in_native, id=18616, stack(0x000000001a320000,0x000000001a420000)]
  0x0000000018dad000 JavaThread "Daemon health stats" [_thread_blocked, id=10916, stack(0x000000001a020000,0x000000001a120000)]
  0x0000000016b96800 JavaThread "Service Thread" daemon [_thread_blocked, id=18216, stack(0x0000000017480000,0x0000000017580000)]
=>0x0000000016b8c000 JavaThread "C1 CompilerThread2" daemon [_thread_in_native, id=5804, stack(0x0000000017380000,0x0000000017480000)]
  0x0000000016b89000 JavaThread "C2 CompilerThread1" daemon [_thread_in_native, id=19816, stack(0x0000000017280000,0x0000000017380000)]
  0x0000000015840000 JavaThread "C2 CompilerThread0" daemon [_thread_in_native, id=3580, stack(0x0000000017180000,0x0000000017280000)]
  0x000000001583f000 JavaThread "Attach Listener" daemon [_thread_blocked, id=5192, stack(0x0000000017080000,0x0000000017180000)]
  0x0000000015829800 JavaThread "Signal Dispatcher" daemon [_thread_blocked, id=9068, stack(0x0000000016f80000,0x0000000017080000)]
  0x000000000315d000 JavaThread "Finalizer" daemon [_thread_blocked, id=9168, stack(0x0000000016a80000,0x0000000016b80000)]
  0x0000000003154000 JavaThread "Reference Handler" daemon [_thread_blocked, id=7952, stack(0x0000000016980000,0x0000000016a80000)]
  0x0000000003062800 JavaThread "main" [_thread_blocked, id=4224, stack(0x0000000002f60000,0x0000000003060000)]

Other Threads:
  0x00000000157f6800 VMThread [stack: 0x0000000016880000,0x0000000016980000] [id=4112]
  0x0000000016b97000 WatcherThread [stack: 0x0000000017580000,0x0000000017680000] [id=7052]

VM state:not at safepoint (normal execution)

VM Mutex/Monitor currently owned by a thread: None

heap address: 0x00000000c0000000, size: 1024 MB, Compressed Oops mode: 32-bit
Narrow klass base: 0x0000000000000000, Narrow klass shift: 3
Compressed class space size: 1073741824 Address: 0x0000000100000000

Heap:
 PSYoungGen      total 75776K, used 60124K [0x00000000eab00000, 0x00000000eff80000, 0x0000000100000000)
  eden space 65024K, 78% used [0x00000000eab00000,0x00000000edcd0518,0x00000000eea80000)
  from space 10752K, 84% used [0x00000000ef500000,0x00000000efde6c70,0x00000000eff80000)
  to   space 10752K, 0% used [0x00000000eea80000,0x00000000eea80000,0x00000000ef500000)
 ParOldGen       total 173568K, used 16K [0x00000000c0000000, 0x00000000ca980000, 0x00000000eab00000)
  object space 173568K, 0% used [0x00000000c0000000,0x00000000c0004000,0x00000000ca980000)
 Metaspace       used 18892K, capacity 19600K, committed 19712K, reserved 1067008K
  class space    used 2580K, capacity 2786K, committed 2816K, reserved 1048576K

Card table byte_map: [0x0000000012520000,0x0000000012730000] byte_map_base: 0x0000000011f20000

Marking Bits: (ParMarkBitMap*) 0x0000000052cef030
 Begin Bits: [0x0000000012c90000, 0x0000000013c90000)
 End Bits:   [0x0000000013c90000, 0x0000000014c90000)

Polling page: 0x0000000000f80000

CodeCache: size=245760Kb used=5932Kb max_used=5932Kb free=239827Kb
 bounds [0x0000000003160000, 0x0000000003730000, 0x0000000012160000]
 total_blobs=2158 nmethods=1744 adapters=327
 compilation: enabled

Compilation events (10 events):
Event: 4.972 Thread 0x0000000016b8c000 nmethod 1751 0x000000000372af90 code [0x000000000372b0e0, 0x000000000372b1f0]
Event: 4.972 Thread 0x0000000016b8c000 1750       1       java.lang.reflect.Method::getAnnotationBytes (5 bytes)
Event: 4.972 Thread 0x0000000016b8c000 nmethod 1750 0x000000000372b250 code [0x000000000372b3a0, 0x000000000372b4b0]
Event: 4.972 Thread 0x0000000016b8c000 1752       3       org.objectweb.asm.ByteVector::putUTF8 (144 bytes)
Event: 4.973 Thread 0x0000000016b8c000 nmethod 1752 0x000000000372b510 code [0x000000000372b700, 0x000000000372bf78]
Event: 4.973 Thread 0x0000000016b8c000 1753       3       org.objectweb.asm.ByteVector::putByte (39 bytes)
Event: 4.973 Thread 0x0000000016b8c000 nmethod 1753 0x000000000372c410 code [0x000000000372c580, 0x000000000372c7a8]
Event: 4.973 Thread 0x0000000016b8c000 1754       3       org.objectweb.asm.Symbol::<init> (38 bytes)
Event: 4.973 Thread 0x0000000016b8c000 nmethod 1754 0x000000000372c8d0 code [0x000000000372ca20, 0x000000000372cc30]
Event: 4.973 Thread 0x0000000016b8c000 1755       3       org.objectweb.asm.Frame::execute (2318 bytes)

GC Heap History (4 events):
Event: 1.553 GC heap before
{Heap before GC invocations=1 (full 0):
 PSYoungGen      total 75776K, used 65024K [0x00000000eab00000, 0x00000000eff80000, 0x0000000100000000)
  eden space 65024K, 100% used [0x00000000eab00000,0x00000000eea80000,0x00000000eea80000)
  from space 10752K, 0% used [0x00000000ef500000,0x00000000ef500000,0x00000000eff80000)
  to   space 10752K, 0% used [0x00000000eea80000,0x00000000eea80000,0x00000000ef500000)
 ParOldGen       total 173568K, used 0K [0x00000000c0000000, 0x00000000ca980000, 0x00000000eab00000)
  object space 173568K, 0% used [0x00000000c0000000,0x00000000c0000000,0x00000000ca980000)
 Metaspace       used 7791K, capacity 8104K, committed 8320K, reserved 1056768K
  class space    used 944K, capacity 1039K, committed 1152K, reserved 1048576K
Event: 1.562 GC heap after
Heap after GC invocations=1 (full 0):
 PSYoungGen      total 75776K, used 5885K [0x00000000eab00000, 0x00000000eff80000, 0x0000000100000000)
  eden space 65024K, 0% used [0x00000000eab00000,0x00000000eab00000,0x00000000eea80000)
  from space 10752K, 54% used [0x00000000eea80000,0x00000000ef03f4b8,0x00000000ef500000)
  to   space 10752K, 0% used [0x00000000ef500000,0x00000000ef500000,0x00000000eff80000)
 ParOldGen       total 173568K, used 8K [0x00000000c0000000, 0x00000000ca980000, 0x00000000eab00000)
  object space 173568K, 0% used [0x00000000c0000000,0x00000000c0002000,0x00000000ca980000)
 Metaspace       used 7791K, capacity 8104K, committed 8320K, reserved 1056768K
  class space    used 944K, capacity 1039K, committed 1152K, reserved 1048576K
}
Event: 4.346 GC heap before
{Heap before GC invocations=2 (full 0):
 PSYoungGen      total 75776K, used 70909K [0x00000000eab00000, 0x00000000eff80000, 0x0000000100000000)
  eden space 65024K, 100% used [0x00000000eab00000,0x00000000eea80000,0x00000000eea80000)
  from space 10752K, 54% used [0x00000000eea80000,0x00000000ef03f4b8,0x00000000ef500000)
  to   space 10752K, 0% used [0x00000000ef500000,0x00000000ef500000,0x00000000eff80000)
 ParOldGen       total 173568K, used 8K [0x00000000c0000000, 0x00000000ca980000, 0x00000000eab00000)
  object space 173568K, 0% used [0x00000000c0000000,0x00000000c0002000,0x00000000ca980000)
 Metaspace       used 14145K, capacity 14704K, committed 14976K, reserved 1062912K
  class space    used 1943K, capacity 2122K, committed 2176K, reserved 1048576K
Event: 4.356 GC heap after
Heap after GC invocations=2 (full 0):
 PSYoungGen      total 75776K, used 9115K [0x00000000eab00000, 0x00000000eff80000, 0x0000000100000000)
  eden space 65024K, 0% used [0x00000000eab00000,0x00000000eab00000,0x00000000eea80000)
  from space 10752K, 84% used [0x00000000ef500000,0x00000000efde6c70,0x00000000eff80000)
  to   space 10752K, 0% used [0x00000000eea80000,0x00000000eea80000,0x00000000ef500000)
 ParOldGen       total 173568K, used 16K [0x00000000c0000000, 0x00000000ca980000, 0x00000000eab00000)
  object space 173568K, 0% used [0x00000000c0000000,0x00000000c0004000,0x00000000ca980000)
 Metaspace       used 14145K, capacity 14704K, committed 14976K, reserved 1062912K
  class space    used 1943K, capacity 2122K, committed 2176K, reserved 1048576K
}

Deoptimization events (10 events):
Event: 4.371 Thread 0x00000000192a5000 Uncommon trap: reason=class_check action=maybe_recompile pc=0x0000000003495958 method=java.util.regex.Matcher.match(II)Z @ 86
Event: 4.371 Thread 0x00000000192a5000 Uncommon trap: reason=class_check action=maybe_recompile pc=0x0000000003495958 method=java.util.regex.Matcher.match(II)Z @ 86
Event: 4.372 Thread 0x00000000192a5000 Uncommon trap: reason=class_check action=maybe_recompile pc=0x000000000331e8cc method=java.util.regex.Matcher.match(II)Z @ 86
Event: 4.473 Thread 0x00000000192a5000 Uncommon trap: reason=unstable_if action=reinterpret pc=0x00000000034946cc method=java.io.File.getName()Ljava/lang/String; @ 16
Event: 4.700 Thread 0x00000000192a5000 Uncommon trap: reason=unstable_if action=reinterpret pc=0x0000000003493270 method=java.util.LinkedHashMap.afterNodeInsertion(Z)V @ 1
Event: 4.700 Thread 0x00000000192a5000 Uncommon trap: reason=unstable_if action=reinterpret pc=0x00000000033da3bc method=java.util.HashMap.getNode(ILjava/lang/Object;)Ljava/util/HashMap$Node; @ 129
Event: 4.700 Thread 0x00000000192a5000 Uncommon trap: reason=bimorphic action=maybe_recompile pc=0x00000000036395b4 method=java.util.HashMap.putVal(ILjava/lang/Object;Ljava/lang/Object;ZZ)Ljava/lang/Object; @ 203
Event: 4.703 Thread 0x00000000192a5000 Uncommon trap: reason=unstable_if action=reinterpret pc=0x00000000033cc8b4 method=java.util.HashMap.getNode(ILjava/lang/Object;)Ljava/util/HashMap$Node; @ 129
Event: 4.703 Thread 0x00000000192a5000 Uncommon trap: reason=bimorphic action=maybe_recompile pc=0x00000000036395b4 method=java.util.HashMap.putVal(ILjava/lang/Object;Ljava/lang/Object;ZZ)Ljava/lang/Object; @ 203
Event: 4.835 Thread 0x00000000192a5000 Uncommon trap: reason=unstable_if action=reinterpret pc=0x00000000036b9c0c method=java.util.jar.Attributes$Name.isDigit(C)Z @ 3

Classes redefined (0 events):
No events

Internal exceptions (10 events):
Event: 4.076 Thread 0x000000001929f000 Exception <a 'java/lang/NoSuchMethodError': <clinit>> (0x00000000ecfce860) thrown at [C:\src\AOSP-openjdk-git\hotspot\src\share\vm\prims\jni.cpp, line 1615]
Event: 4.078 Thread 0x000000001929f000 Exception <a 'java/lang/NoSuchMethodError': <clinit>> (0x00000000ecfe4bd0) thrown at [C:\src\AOSP-openjdk-git\hotspot\src\share\vm\prims\jni.cpp, line 1615]
Event: 4.087 Thread 0x000000001929f000 Exception <a 'java/lang/NoSuchMethodError': <clinit>> (0x00000000ed053b80) thrown at [C:\src\AOSP-openjdk-git\hotspot\src\share\vm\prims\jni.cpp, line 1615]
Event: 4.094 Thread 0x000000001929f000 Exception <a 'java/lang/NoSuchMethodError': <clinit>> (0x00000000ed083488) thrown at [C:\src\AOSP-openjdk-git\hotspot\src\share\vm\prims\jni.cpp, line 1615]
Event: 4.102 Thread 0x000000001929f000 Exception <a 'java/lang/NoSuchMethodError': <clinit>> (0x00000000ed0b0580) thrown at [C:\src\AOSP-openjdk-git\hotspot\src\share\vm\prims\jni.cpp, line 1615]
Event: 4.103 Thread 0x000000001929f000 Exception <a 'java/lang/NoSuchMethodError': <clinit>> (0x00000000ed0bcab0) thrown at [C:\src\AOSP-openjdk-git\hotspot\src\share\vm\prims\jni.cpp, line 1615]
Event: 4.518 Thread 0x00000000192a5000 Exception <a 'java/lang/NoSuchMethodError': java.lang.Object.lambda$and$0(Ljava/util/function/Predicate;Ljava/lang/Object;)Z> (0x00000000eb6554b8) thrown at [C:\src\AOSP-openjdk-git\hotspot\src\share\vm\interpreter\linkResolver.cpp, line 620]
Event: 4.526 Thread 0x00000000192a5000 Exception <a 'java/lang/IncompatibleClassChangeError': Found class java.lang.Object, but interface was expected> (0x00000000eb6657b0) thrown at [C:\src\AOSP-openjdk-git\hotspot\src\share\vm\interpreter\linkResolver.cpp, line 653]
Event: 4.529 Thread 0x00000000192a5000 Exception <a 'java/lang/NoSuchMethodError': java.lang.Object.lambda$or$2(Ljava/util/function/Predicate;Ljava/lang/Object;)Z> (0x00000000eb66a300) thrown at [C:\src\AOSP-openjdk-git\hotspot\src\share\vm\interpreter\linkResolver.cpp, line 620]
Event: 4.747 Thread 0x00000000192a5000 Exception <a 'java/lang/NoSuchMethodError': java.lang.Object.lambda$static$0(Lorg/gradle/internal/state/ModelObject;)Ljava/lang/String;> (0x00000000ecdd7a88) thrown at [C:\src\AOSP-openjdk-git\hotspot\src\share\vm\interpreter\linkResolver.cpp, line 620]

Events (10 events):
Event: 4.961 loading class org/gradle/api/plugins/PluginCollection
Event: 4.961 loading class org/gradle/api/plugins/PluginCollection done
Event: 4.962 loading class org/gradle/configuration/ConfigurationTargetIdentifier
Event: 4.962 loading class org/gradle/configuration/ConfigurationTargetIdentifier done
Event: 4.966 loading class javax/annotation/Nullable
Event: 4.966 loading class javax/annotation/Nullable done
Event: 4.968 loading class javax/annotation/Nonnull
Event: 4.968 loading class javax/annotation/Nonnull done
Event: 4.970 loading class org/gradle/api/Incubating
Event: 4.970 loading class org/gradle/api/Incubating done


Dynamic libraries:
0x00007ff7c24b0000 - 0x00007ff7c24e1000 	C:\Program Files\Android\Android Studio\jre\bin\java.exe
0x00007ff988bd0000 - 0x00007ff988dc5000 	C:\WINDOWS\SYSTEM32\ntdll.dll
0x00007ff986e30000 - 0x00007ff986eed000 	C:\WINDOWS\System32\KERNEL32.DLL
0x00007ff986410000 - 0x00007ff9866d9000 	C:\WINDOWS\System32\KERNELBASE.dll
0x00007ff987c40000 - 0x00007ff987cec000 	C:\WINDOWS\System32\ADVAPI32.dll
0x00007ff987ba0000 - 0x00007ff987c3e000 	C:\WINDOWS\System32\msvcrt.dll
0x00007ff987b00000 - 0x00007ff987b9b000 	C:\WINDOWS\System32\sechost.dll
0x00007ff988a60000 - 0x00007ff988b8a000 	C:\WINDOWS\System32\RPCRT4.dll
0x00007ff988530000 - 0x00007ff9886d0000 	C:\WINDOWS\System32\USER32.dll
0x00007ff986990000 - 0x00007ff9869b2000 	C:\WINDOWS\System32\win32u.dll
0x00007ff988800000 - 0x00007ff98882a000 	C:\WINDOWS\System32\GDI32.dll
0x00007ff9869c0000 - 0x00007ff986acb000 	C:\WINDOWS\System32\gdi32full.dll
0x00007ff9866e0000 - 0x00007ff98677d000 	C:\WINDOWS\System32\msvcp_win.dll
0x00007ff986310000 - 0x00007ff986410000 	C:\WINDOWS\System32\ucrtbase.dll
0x00007ff9688c0000 - 0x00007ff968b5a000 	C:\WINDOWS\WinSxS\amd64_microsoft.windows.common-controls_6595b64144ccf1df_6.0.19041.1052_none_60b8f8fd71f5e8cb\COMCTL32.dll
0x00007ff988490000 - 0x00007ff9884c0000 	C:\WINDOWS\System32\IMM32.DLL
0x0000000052360000 - 0x0000000052432000 	C:\Program Files\Android\Android Studio\jre\jre\bin\msvcr100.dll
0x0000000052520000 - 0x0000000052d6b000 	C:\Program Files\Android\Android Studio\jre\jre\bin\server\jvm.dll
0x00007ff9877f0000 - 0x00007ff9877f8000 	C:\WINDOWS\System32\PSAPI.DLL
0x00007ff97d120000 - 0x00007ff97d12a000 	C:\WINDOWS\SYSTEM32\VERSION.dll
0x00007ff980eb0000 - 0x00007ff980eb9000 	C:\WINDOWS\SYSTEM32\WSOCK32.dll
0x00007ff96e0a0000 - 0x00007ff96e0c7000 	C:\WINDOWS\SYSTEM32\WINMM.dll
0x00007ff9884c0000 - 0x00007ff98852b000 	C:\WINDOWS\System32\WS2_32.dll
0x00007ff980dc0000 - 0x00007ff980dcf000 	C:\Program Files\Android\Android Studio\jre\jre\bin\verify.dll
0x00007ff978b30000 - 0x00007ff978b59000 	C:\Program Files\Android\Android Studio\jre\jre\bin\java.dll
0x00007ff97b840000 - 0x00007ff97b856000 	C:\Program Files\Android\Android Studio\jre\jre\bin\zip.dll
0x00007ff987cf0000 - 0x00007ff98842f000 	C:\WINDOWS\System32\SHELL32.dll
0x00007ff984400000 - 0x00007ff984b91000 	C:\WINDOWS\SYSTEM32\windows.storage.dll
0x00007ff987490000 - 0x00007ff9877e5000 	C:\WINDOWS\System32\combase.dll
0x00007ff985bd0000 - 0x00007ff985bfc000 	C:\WINDOWS\SYSTEM32\Wldp.dll
0x00007ff9889b0000 - 0x00007ff988a5e000 	C:\WINDOWS\System32\SHCORE.dll
0x00007ff9887a0000 - 0x00007ff9887f5000 	C:\WINDOWS\System32\shlwapi.dll
0x00007ff986250000 - 0x00007ff98626f000 	C:\WINDOWS\SYSTEM32\profapi.dll
0x00007ff96f940000 - 0x00007ff96f95a000 	C:\Program Files\Android\Android Studio\jre\jre\bin\net.dll
0x00007ff9859b0000 - 0x00007ff985a1a000 	C:\WINDOWS\system32\mswsock.dll
0x00007ff96ed70000 - 0x00007ff96ed83000 	C:\Program Files\Android\Android Studio\jre\jre\bin\nio.dll
0x00007ff9663c0000 - 0x00007ff9663e7000 	C:\Users\DosGo\.gradle\native\f6784746aeab05261644944871eae4fe03e0ef1612fff0a4a95f87b438bc6780\windows-amd64\native-platform.dll
0x00007ff97fec0000 - 0x00007ff97fecd000 	C:\Program Files\Android\Android Studio\jre\jre\bin\management.dll
0x00007ff985c10000 - 0x00007ff985c28000 	C:\WINDOWS\SYSTEM32\CRYPTSP.dll
0x00007ff985370000 - 0x00007ff9853a4000 	C:\WINDOWS\system32\rsaenh.dll
0x00007ff986bc0000 - 0x00007ff986be7000 	C:\WINDOWS\System32\bcrypt.dll
0x00007ff9861d0000 - 0x00007ff9861fe000 	C:\WINDOWS\SYSTEM32\USERENV.dll
0x00007ff986b30000 - 0x00007ff986bb3000 	C:\WINDOWS\System32\bcryptprimitives.dll
0x00007ff985b30000 - 0x00007ff985b3c000 	C:\WINDOWS\SYSTEM32\CRYPTBASE.dll
0x00007ff9856c0000 - 0x00007ff9856fb000 	C:\WINDOWS\SYSTEM32\IPHLPAPI.DLL
0x00007ff986c60000 - 0x00007ff986c68000 	C:\WINDOWS\System32\NSI.dll
0x00007ff97e750000 - 0x00007ff97e767000 	C:\WINDOWS\SYSTEM32\dhcpcsvc6.DLL
0x00007ff97e730000 - 0x00007ff97e74d000 	C:\WINDOWS\SYSTEM32\dhcpcsvc.DLL
0x00007ff985700000 - 0x00007ff9857cc000 	C:\WINDOWS\SYSTEM32\DNSAPI.dll
0x00007ff97eed0000 - 0x00007ff97eedb000 	C:\WINDOWS\SYSTEM32\WINNSI.DLL

VM Arguments:
jvm_args: -Xmx1024m -Dfile.encoding=GBK -Duser.country=CN -Duser.language=zh -Duser.variant 
java_command: org.gradle.launcher.daemon.bootstrap.GradleDaemon 6.5
java_class_path (initial): C:\Users\DosGo\.gradle\wrapper\dists\gradle-6.5-bin\6nifqtx7604sqp1q6g8wikw7p\gradle-6.5\lib\gradle-launcher-6.5.jar
Launcher Type: SUN_STANDARD

Environment Variables:
PATH=C:\Program Files (x86)\Common Files\Oracle\Java\javapath;C:\ProgramData\Oracle\Java\javapath;C:\Windows\system32;C:\Windows;C:\Windows\System32\Wbem;C:\Windows\System32\WindowsPowerShell\v1.0\;C:\Program Files (x86)\NVIDIA Corporation\PhysX\Common;C:\WINDOWS\system32;C:\WINDOWS;C:\WINDOWS\System32\Wbem;C:\WINDOWS\System32\WindowsPowerShell\v1.0\;C:\Program Files\PuTTY\;C:\Program Files\TortoiseSVN\bin;C:\Program Files\CMake\bin;C:\Program Files (x86)\CodeBlocks\MinGW\bin;C:\WINDOWS\System32\OpenSSH\;C:\Program Files\Git\bin;C:\Program Files\nodejs\;C:\Program Files\NVIDIA Corporation\NVIDIA NvDLISR;C:\WINDOWS\system32;C:\WINDOWS;C:\WINDOWS\System32\Wbem;C:\WINDOWS\System32\WindowsPowerShell\v1.0\;C:\WINDOWS\System32\OpenSSH\;C:\Program Files\dotnet\;C:\Program Files\Java\jdk1.8.0_141\bin;C:\Program Files\OpenSSL-Win64\bin;C:\Program Files (x86)\Graphviz2.38\bin;C:\Program Files\TortoiseGit\bin;C:\mingw64\bin;C:\Program Files\LLVM\bin;D:\go\bin;C:\Users\DosGo\AppData\Local\Android\Sdk\platform-tools;C:\Program Files\Go\bin;D:\Program Files\hashcat-6.1.1;D:\flutter\bin;;C:\Program Files\Docker\Docker\resources\bin;C:\ProgramData\DockerDesktop\version-bin;C:\Users\DosGo\.cargo\bin;C:\Program Files (x86)\Python\Python37-32\Scripts\;C:\Program Files (x86)\Python\Python37-32\;C:\Users\DosGo\AppData\Local\Microsoft\WindowsApps;C:\Users\DosGo\AppData\Roaming\npm;;C:\Users\DosGo\AppData\Local\Programs\Microsoft VS Code\bin;C:\Program Files\JetBrains\GoLand 2020.1\bin;;C:\Program Files\JetBrains\PhpStorm 2020.1\bin;;C:\Users\DosGo\go\bin
USERNAME=DosGo
OS=Windows_NT
PROCESSOR_IDENTIFIER=Intel64 Family 6 Model 142 Stepping 9, GenuineIntel



---------------  S Y S T E M  ---------------

OS: Windows 10.0 , 64 bit Build 19041 (10.0.19041.1023)

CPU:total 4 (initial active 4) (2 cores per cpu, 2 threads per core) family 6 model 142 stepping 9, cmov, cx8, fxsr, mmx, sse, sse2, sse3, ssse3, sse4.1, sse4.2, popcnt, avx, avx2, aes, clmul, erms, 3dnowpref, lzcnt, ht, tsc, tscinvbit, bmi1, bmi2, adx

Memory: 4k page, physical 16642280k(1776472k free), swap 16642280k(5132k free)

vm_info: OpenJDK 64-Bit Server VM (25.242-b01) for windows-amd64 JRE (1.8.0_242-release-1644-b01), built by "builder" with MS VC++ 10.0 (VS2010)

time: Tue Jun 29 23:15:29 2021
timezone: 中国标准时间
elapsed time: 4 seconds (0d 0h 0m 4s)

