#
# There is insufficient memory for the Java Runtime Environment to continue.
# Native memory allocation (malloc) failed to allocate 352016 bytes for Chunk::new
# Possible reasons:
#   The system is out of physical RAM or swap space
#   The process is running with CompressedOops enabled, and the Java Heap may be blocking the growth of the native heap
# Possible solutions:
#   Reduce memory load on the system
#   Increase physical memory or swap space
#   Check if swap backing store is full
#   Decrease Java heap size (-Xmx/-Xms)
#   Decrease number of Java threads
#   Decrease Java thread stack sizes (-Xss)
#   Set larger code cache with -XX:ReservedCodeCacheSize=
#   JVM is running with Unscaled Compressed Oops mode in which the Java heap is
#     placed in the first 4GB address space. The Java Heap base address is the
#     maximum limit for the native heap growth. Please use -XX:HeapBaseMinAddress
#     to set the Java Heap base and to place the Java Heap above 4GB virtual address.
# This output file may be truncated or incomplete.
#
#  Out of Memory Error (allocation.cpp:389), pid=16644, tid=0x0000000000004414
#
# JRE version: OpenJDK Runtime Environment (8.0_242-b01) (build 1.8.0_242-release-1644-b01)
# Java VM: OpenJDK 64-Bit Server VM (25.242-b01 mixed mode windows-amd64 compressed oops)
# Failed to write core dump. Minidumps are not enabled by default on client versions of Windows
#

---------------  T H R E A D  ---------------

Current thread (0x0000000015aed800):  JavaThread "C2 CompilerThread0" daemon [_thread_in_native, id=17428, stack(0x00000000173e0000,0x00000000174e0000)]

Stack: [0x00000000173e0000,0x00000000174e0000]
[error occurred during error reporting (printing stack bounds), id 0xc0000005]

Native frames: (J=compiled Java code, j=interpreted, Vv=VM code, C=native code)


Current CompileTask:
C2:   5120 1540       4       java.net.URLClassLoader$1::run (5 bytes)


---------------  P R O C E S S  ---------------

Java Threads: ( => current thread )
  0x0000000017a1d800 JavaThread "Cache worker for file hash cache (C:\Users\DosGo\.gradle\caches\6.5\fileHashes)" [_thread_blocked, id=12908, stack(0x000000001b630000,0x000000001b730000)]
  0x0000000017a1d000 JavaThread "File lock request listener" [_thread_in_native, id=19104, stack(0x000000001b530000,0x000000001b630000)]
  0x00000000194b3000 JavaThread "Cache worker for journal cache (C:\Users\DosGo\.gradle\caches\journal-1)" [_thread_blocked, id=15632, stack(0x000000001b330000,0x000000001b430000)]
  0x000000001950e800 JavaThread "Thread-9" [_thread_blocked, id=17396, stack(0x000000001b030000,0x000000001b130000)]
  0x00000000194c3000 JavaThread "Stdin handler" [_thread_blocked, id=16816, stack(0x000000001af30000,0x000000001b030000)]
  0x00000000194be000 JavaThread "Asynchronous log dispatcher for DefaultDaemonConnection: socket connection from /127.0.0.1:60359 to /127.0.0.1:60360" [_thread_blocked, id=18612, stack(0x000000001ae30000,0x000000001af30000)]
  0x00000000194b0800 JavaThread "Daemon worker" [_thread_in_Java, id=15140, stack(0x000000001ad30000,0x000000001ae30000)]
  0x0000000019516000 JavaThread "Cancel handler" [_thread_blocked, id=16916, stack(0x000000001ac30000,0x000000001ad30000)]
  0x000000001949e000 JavaThread "Handler for socket connection from /127.0.0.1:60359 to /127.0.0.1:60360" [_thread_in_native, id=20052, stack(0x000000001ab30000,0x000000001ac30000)]
  0x000000001949d000 JavaThread "Daemon" [_thread_blocked, id=20204, stack(0x000000001aa30000,0x000000001ab30000)]
  0x0000000019476800 JavaThread "Daemon periodic checks" [_thread_blocked, id=6568, stack(0x000000001a730000,0x000000001a830000)]
  0x0000000019459800 JavaThread "Incoming local TCP Connector on port 60359" [_thread_in_native, id=19740, stack(0x000000001a580000,0x000000001a680000)]
  0x000000001937f800 JavaThread "Daemon health stats" [_thread_blocked, id=6800, stack(0x000000001a280000,0x000000001a380000)]
  0x0000000016e65800 JavaThread "Service Thread" daemon [_thread_blocked, id=7072, stack(0x00000000176e0000,0x00000000177e0000)]
  0x0000000016e41000 JavaThread "C1 CompilerThread2" daemon [_thread_blocked, id=17988, stack(0x00000000175e0000,0x00000000176e0000)]
  0x0000000016deb800 JavaThread "C2 CompilerThread1" daemon [_thread_in_native, id=11384, stack(0x00000000174e0000,0x00000000175e0000)]
=>0x0000000015aed800 JavaThread "C2 CompilerThread0" daemon [_thread_in_native, id=17428, stack(0x00000000173e0000,0x00000000174e0000)]
  0x0000000015a9f000 JavaThread "Attach Listener" daemon [_thread_blocked, id=18472, stack(0x00000000172e0000,0x00000000173e0000)]
  0x0000000016de8800 JavaThread "Signal Dispatcher" daemon [_thread_blocked, id=13448, stack(0x00000000171e0000,0x00000000172e0000)]
  0x00000000033bc800 JavaThread "Finalizer" daemon [_thread_blocked, id=804, stack(0x0000000016ce0000,0x0000000016de0000)]
  0x0000000015a79000 JavaThread "Reference Handler" daemon [_thread_blocked, id=8108, stack(0x0000000016be0000,0x0000000016ce0000)]
  0x00000000032c2800 JavaThread "main" [_thread_blocked, id=7060, stack(0x0000000002dd0000,0x0000000002ed0000)]

Other Threads:
  0x0000000015a56800 VMThread [stack: 0x0000000016ae0000,0x0000000016be0000] [id=18672]
  0x0000000016e67000 WatcherThread [stack: 0x00000000177e0000,0x00000000178e0000] [id=17972]

VM state:not at safepoint (normal execution)

VM Mutex/Monitor currently owned by a thread: None

heap address: 0x00000000c0000000, size: 1024 MB, Compressed Oops mode: 32-bit
Narrow klass base: 0x0000000000000000, Narrow klass shift: 3
Compressed class space size: 1073741824 Address: 0x0000000100000000

Heap:
 PSYoungGen      total 75776K, used 55699K [0x00000000eab00000, 0x00000000eff80000, 0x0000000100000000)
  eden space 65024K, 71% used [0x00000000eab00000,0x00000000ed86c7a0,0x00000000eea80000)
  from space 10752K, 85% used [0x00000000ef500000,0x00000000efdf8568,0x00000000eff80000)
  to   space 10752K, 0% used [0x00000000eea80000,0x00000000eea80000,0x00000000ef500000)
 ParOldGen       total 173568K, used 24K [0x00000000c0000000, 0x00000000ca980000, 0x00000000eab00000)
  object space 173568K, 0% used [0x00000000c0000000,0x00000000c0006000,0x00000000ca980000)
 Metaspace       used 18525K, capacity 19118K, committed 19456K, reserved 1067008K
  class space    used 2522K, capacity 2713K, committed 2816K, reserved 1048576K

Card table byte_map: [0x0000000012780000,0x0000000012990000] byte_map_base: 0x0000000012180000

Marking Bits: (ParMarkBitMap*) 0x0000000052cef030
 Begin Bits: [0x0000000012ef0000, 0x0000000013ef0000)
 End Bits:   [0x0000000013ef0000, 0x0000000014ef0000)

Polling page: 0x0000000001520000

CodeCache: size=245760Kb used=5953Kb max_used=5953Kb free=239806Kb
 bounds [0x00000000033c0000, 0x00000000039a0000, 0x00000000123c0000]
 total_blobs=2119 nmethods=1705 adapters=327
 compilation: enabled

Compilation events (10 events):
Event: 5.079 Thread 0x0000000016e41000 nmethod 1704 0x000000000398e2d0 code [0x000000000398e440, 0x000000000398e748]
Event: 5.079 Thread 0x0000000016e41000 1705       3       sun.misc.ProxyGenerator$ExceptionTableEntry::<init> (26 bytes)
Event: 5.080 Thread 0x0000000016e41000 nmethod 1705 0x000000000398e810 code [0x000000000398e960, 0x000000000398eb10]
Event: 5.080 Thread 0x0000000016e41000 1706       3       java.lang.Class::arrayContentsEq (70 bytes)
Event: 5.080 Thread 0x0000000016e41000 nmethod 1706 0x000000000398ebd0 code [0x000000000398ed60, 0x000000000398f190]
Event: 5.114 Thread 0x0000000016e41000 1707       3       java.util.concurrent.locks.ReentrantLock$Sync::tryRelease (45 bytes)
Event: 5.114 Thread 0x0000000016e41000 nmethod 1707 0x0000000003990510 code [0x00000000039906a0, 0x0000000003990c48]
Event: 5.117 Thread 0x0000000016e41000 1708       3       java.lang.reflect.Modifier::isProtected (12 bytes)
Event: 5.117 Thread 0x0000000016e41000 nmethod 1708 0x0000000003990d90 code [0x0000000003990ee0, 0x0000000003991070]
Event: 5.117 Thread 0x0000000016e41000 1709       1       java.lang.invoke.MethodHandles$Lookup::lookupClass (5 bytes)

GC Heap History (4 events):
Event: 1.592 GC heap before
{Heap before GC invocations=1 (full 0):
 PSYoungGen      total 75776K, used 65024K [0x00000000eab00000, 0x00000000eff80000, 0x0000000100000000)
  eden space 65024K, 100% used [0x00000000eab00000,0x00000000eea80000,0x00000000eea80000)
  from space 10752K, 0% used [0x00000000ef500000,0x00000000ef500000,0x00000000eff80000)
  to   space 10752K, 0% used [0x00000000eea80000,0x00000000eea80000,0x00000000ef500000)
 ParOldGen       total 173568K, used 0K [0x00000000c0000000, 0x00000000ca980000, 0x00000000eab00000)
  object space 173568K, 0% used [0x00000000c0000000,0x00000000c0000000,0x00000000ca980000)
 Metaspace       used 7810K, capacity 8104K, committed 8320K, reserved 1056768K
  class space    used 944K, capacity 1039K, committed 1152K, reserved 1048576K
Event: 1.599 GC heap after
Heap after GC invocations=1 (full 0):
 PSYoungGen      total 75776K, used 5890K [0x00000000eab00000, 0x00000000eff80000, 0x0000000100000000)
  eden space 65024K, 0% used [0x00000000eab00000,0x00000000eab00000,0x00000000eea80000)
  from space 10752K, 54% used [0x00000000eea80000,0x00000000ef040b90,0x00000000ef500000)
  to   space 10752K, 0% used [0x00000000ef500000,0x00000000ef500000,0x00000000eff80000)
 ParOldGen       total 173568K, used 16K [0x00000000c0000000, 0x00000000ca980000, 0x00000000eab00000)
  object space 173568K, 0% used [0x00000000c0000000,0x00000000c0004000,0x00000000ca980000)
 Metaspace       used 7810K, capacity 8104K, committed 8320K, reserved 1056768K
  class space    used 944K, capacity 1039K, committed 1152K, reserved 1048576K
}
Event: 4.530 GC heap before
{Heap before GC invocations=2 (full 0):
 PSYoungGen      total 75776K, used 70914K [0x00000000eab00000, 0x00000000eff80000, 0x0000000100000000)
  eden space 65024K, 100% used [0x00000000eab00000,0x00000000eea80000,0x00000000eea80000)
  from space 10752K, 54% used [0x00000000eea80000,0x00000000ef040b90,0x00000000ef500000)
  to   space 10752K, 0% used [0x00000000ef500000,0x00000000ef500000,0x00000000eff80000)
 ParOldGen       total 173568K, used 16K [0x00000000c0000000, 0x00000000ca980000, 0x00000000eab00000)
  object space 173568K, 0% used [0x00000000c0000000,0x00000000c0004000,0x00000000ca980000)
 Metaspace       used 14233K, capacity 14788K, committed 14976K, reserved 1062912K
  class space    used 1958K, capacity 2128K, committed 2176K, reserved 1048576K
Event: 4.539 GC heap after
Heap after GC invocations=2 (full 0):
 PSYoungGen      total 75776K, used 9185K [0x00000000eab00000, 0x00000000eff80000, 0x0000000100000000)
  eden space 65024K, 0% used [0x00000000eab00000,0x00000000eab00000,0x00000000eea80000)
  from space 10752K, 85% used [0x00000000ef500000,0x00000000efdf8568,0x00000000eff80000)
  to   space 10752K, 0% used [0x00000000eea80000,0x00000000eea80000,0x00000000ef500000)
 ParOldGen       total 173568K, used 24K [0x00000000c0000000, 0x00000000ca980000, 0x00000000eab00000)
  object space 173568K, 0% used [0x00000000c0000000,0x00000000c0006000,0x00000000ca980000)
 Metaspace       used 14233K, capacity 14788K, committed 14976K, reserved 1062912K
  class space    used 1958K, capacity 2128K, committed 2176K, reserved 1048576K
}

Deoptimization events (10 events):
Event: 4.546 Thread 0x00000000194b0800 Uncommon trap: reason=class_check action=maybe_recompile pc=0x0000000003707758 method=java.util.regex.Matcher.match(II)Z @ 86
Event: 4.546 Thread 0x00000000194b0800 Uncommon trap: reason=class_check action=maybe_recompile pc=0x000000000357f84c method=java.util.regex.Matcher.match(II)Z @ 86
Event: 4.649 Thread 0x00000000194b0800 Uncommon trap: reason=unstable_if action=reinterpret pc=0x00000000036f941c method=java.io.File.getName()Ljava/lang/String; @ 16
Event: 4.888 Thread 0x00000000194b0800 Uncommon trap: reason=unstable_if action=reinterpret pc=0x000000000375f470 method=java.util.LinkedHashMap.afterNodeInsertion(Z)V @ 1
Event: 4.889 Thread 0x00000000194b0800 Uncommon trap: reason=unstable_if action=reinterpret pc=0x0000000003630e04 method=java.util.HashMap.getNode(ILjava/lang/Object;)Ljava/util/HashMap$Node; @ 129
Event: 4.889 Thread 0x00000000194b0800 Uncommon trap: reason=bimorphic action=maybe_recompile pc=0x00000000038b3bf4 method=java.util.HashMap.putVal(ILjava/lang/Object;Ljava/lang/Object;ZZ)Ljava/lang/Object; @ 203
Event: 4.891 Thread 0x00000000194b0800 Uncommon trap: reason=unstable_if action=reinterpret pc=0x0000000003633bfc method=java.util.HashMap.getNode(ILjava/lang/Object;)Ljava/util/HashMap$Node; @ 129
Event: 4.891 Thread 0x00000000194b0800 Uncommon trap: reason=bimorphic action=maybe_recompile pc=0x00000000038b3bf4 method=java.util.HashMap.putVal(ILjava/lang/Object;Ljava/lang/Object;ZZ)Ljava/lang/Object; @ 203
Event: 4.891 Thread 0x00000000194b0800 Uncommon trap: reason=bimorphic action=maybe_recompile pc=0x00000000038b0fa8 method=java.util.HashMap.putVal(ILjava/lang/Object;Ljava/lang/Object;ZZ)Ljava/lang/Object; @ 203
Event: 5.044 Thread 0x00000000194b0800 Uncommon trap: reason=unstable_if action=reinterpret pc=0x000000000393680c method=java.util.jar.Attributes$Name.isDigit(C)Z @ 3

Classes redefined (0 events):
No events

Internal exceptions (10 events):
Event: 4.235 Thread 0x000000001949e000 Exception <a 'java/lang/NoSuchMethodError': <clinit>> (0x00000000ecedba28) thrown at [C:\src\AOSP-openjdk-git\hotspot\src\share\vm\prims\jni.cpp, line 1615]
Event: 4.237 Thread 0x000000001949e000 Exception <a 'java/lang/NoSuchMethodError': <clinit>> (0x00000000ecef1d78) thrown at [C:\src\AOSP-openjdk-git\hotspot\src\share\vm\prims\jni.cpp, line 1615]
Event: 4.247 Thread 0x000000001949e000 Exception <a 'java/lang/NoSuchMethodError': <clinit>> (0x00000000ecf60d28) thrown at [C:\src\AOSP-openjdk-git\hotspot\src\share\vm\prims\jni.cpp, line 1615]
Event: 4.256 Thread 0x000000001949e000 Exception <a 'java/lang/NoSuchMethodError': <clinit>> (0x00000000ecf90610) thrown at [C:\src\AOSP-openjdk-git\hotspot\src\share\vm\prims\jni.cpp, line 1615]
Event: 4.260 Thread 0x000000001949e000 Exception <a 'java/lang/NoSuchMethodError': <clinit>> (0x00000000ecfbd708) thrown at [C:\src\AOSP-openjdk-git\hotspot\src\share\vm\prims\jni.cpp, line 1615]
Event: 4.262 Thread 0x000000001949e000 Exception <a 'java/lang/NoSuchMethodError': <clinit>> (0x00000000ecfc9c38) thrown at [C:\src\AOSP-openjdk-git\hotspot\src\share\vm\prims\jni.cpp, line 1615]
Event: 4.694 Thread 0x00000000194b0800 Exception <a 'java/lang/NoSuchMethodError': java.lang.Object.lambda$and$0(Ljava/util/function/Predicate;Ljava/lang/Object;)Z> (0x00000000eb563490) thrown at [C:\src\AOSP-openjdk-git\hotspot\src\share\vm\interpreter\linkResolver.cpp, line 620]
Event: 4.700 Thread 0x00000000194b0800 Exception <a 'java/lang/IncompatibleClassChangeError': Found class java.lang.Object, but interface was expected> (0x00000000eb573788) thrown at [C:\src\AOSP-openjdk-git\hotspot\src\share\vm\interpreter\linkResolver.cpp, line 653]
Event: 4.703 Thread 0x00000000194b0800 Exception <a 'java/lang/NoSuchMethodError': java.lang.Object.lambda$or$2(Ljava/util/function/Predicate;Ljava/lang/Object;)Z> (0x00000000eb5782d8) thrown at [C:\src\AOSP-openjdk-git\hotspot\src\share\vm\interpreter\linkResolver.cpp, line 620]
Event: 4.933 Thread 0x00000000194b0800 Exception <a 'java/lang/NoSuchMethodError': java.lang.Object.lambda$static$0(Lorg/gradle/internal/state/ModelObject;)Ljava/lang/String;> (0x00000000ecd34b40) thrown at [C:\src\AOSP-openjdk-git\hotspot\src\share\vm\interpreter\linkResolver.cpp, line 620]

Events (10 events):
Event: 5.116 loading class org/objectweb/asm/Edge
Event: 5.116 loading class org/objectweb/asm/Edge done
Event: 5.117 loading class org/objectweb/asm/MethodVisitor
Event: 5.117 loading class org/objectweb/asm/MethodVisitor done
Event: 5.117 loading class org/objectweb/asm/MethodVisitor
Event: 5.117 loading class org/objectweb/asm/MethodVisitor done
Event: 5.117 loading class org/gradle/internal/instantiation/generator/AsmBackedClassGenerator$ClassBuilderImpl
Event: 5.117 loading class org/gradle/internal/instantiation/generator/AsmBackedClassGenerator$ClassBuilderImpl done
Event: 5.117 loading class org/gradle/internal/instantiation/generator/AsmBackedClassGenerator$MethodCodeBody
Event: 5.117 loading class org/gradle/internal/instantiation/generator/AsmBackedClassGenerator$MethodCodeBody done


Dynamic libraries:
0x00007ff7c24b0000 - 0x00007ff7c24e1000 	C:\Program Files\Android\Android Studio\jre\bin\java.exe
0x00007ff988bd0000 - 0x00007ff988dc5000 	C:\WINDOWS\SYSTEM32\ntdll.dll
0x00007ff986e30000 - 0x00007ff986eed000 	C:\WINDOWS\System32\KERNEL32.DLL
0x00007ff986410000 - 0x00007ff9866d9000 	C:\WINDOWS\System32\KERNELBASE.dll
0x00007ff987c40000 - 0x00007ff987cec000 	C:\WINDOWS\System32\ADVAPI32.dll
0x00007ff987ba0000 - 0x00007ff987c3e000 	C:\WINDOWS\System32\msvcrt.dll
0x00007ff987b00000 - 0x00007ff987b9b000 	C:\WINDOWS\System32\sechost.dll
0x00007ff988a60000 - 0x00007ff988b8a000 	C:\WINDOWS\System32\RPCRT4.dll
0x00007ff988530000 - 0x00007ff9886d0000 	C:\WINDOWS\System32\USER32.dll
0x00007ff986990000 - 0x00007ff9869b2000 	C:\WINDOWS\System32\win32u.dll
0x00007ff988800000 - 0x00007ff98882a000 	C:\WINDOWS\System32\GDI32.dll
0x00007ff9869c0000 - 0x00007ff986acb000 	C:\WINDOWS\System32\gdi32full.dll
0x00007ff9866e0000 - 0x00007ff98677d000 	C:\WINDOWS\System32\msvcp_win.dll
0x00007ff986310000 - 0x00007ff986410000 	C:\WINDOWS\System32\ucrtbase.dll
0x00007ff9688c0000 - 0x00007ff968b5a000 	C:\WINDOWS\WinSxS\amd64_microsoft.windows.common-controls_6595b64144ccf1df_6.0.19041.1052_none_60b8f8fd71f5e8cb\COMCTL32.dll
0x00007ff988490000 - 0x00007ff9884c0000 	C:\WINDOWS\System32\IMM32.DLL
0x0000000052360000 - 0x0000000052432000 	C:\Program Files\Android\Android Studio\jre\jre\bin\msvcr100.dll
0x0000000052520000 - 0x0000000052d6b000 	C:\Program Files\Android\Android Studio\jre\jre\bin\server\jvm.dll
0x00007ff9877f0000 - 0x00007ff9877f8000 	C:\WINDOWS\System32\PSAPI.DLL
0x00007ff96e0a0000 - 0x00007ff96e0c7000 	C:\WINDOWS\SYSTEM32\WINMM.dll
0x00007ff980eb0000 - 0x00007ff980eb9000 	C:\WINDOWS\SYSTEM32\WSOCK32.dll
0x00007ff97d120000 - 0x00007ff97d12a000 	C:\WINDOWS\SYSTEM32\VERSION.dll
0x00007ff9884c0000 - 0x00007ff98852b000 	C:\WINDOWS\System32\WS2_32.dll
0x00007ff980dc0000 - 0x00007ff980dcf000 	C:\Program Files\Android\Android Studio\jre\jre\bin\verify.dll
0x00007ff978b30000 - 0x00007ff978b59000 	C:\Program Files\Android\Android Studio\jre\jre\bin\java.dll
0x00007ff97b840000 - 0x00007ff97b856000 	C:\Program Files\Android\Android Studio\jre\jre\bin\zip.dll
0x00007ff987cf0000 - 0x00007ff98842f000 	C:\WINDOWS\System32\SHELL32.dll
0x00007ff984400000 - 0x00007ff984b91000 	C:\WINDOWS\SYSTEM32\windows.storage.dll
0x00007ff987490000 - 0x00007ff9877e5000 	C:\WINDOWS\System32\combase.dll
0x00007ff985bd0000 - 0x00007ff985bfc000 	C:\WINDOWS\SYSTEM32\Wldp.dll
0x00007ff9889b0000 - 0x00007ff988a5e000 	C:\WINDOWS\System32\SHCORE.dll
0x00007ff9887a0000 - 0x00007ff9887f5000 	C:\WINDOWS\System32\shlwapi.dll
0x00007ff986250000 - 0x00007ff98626f000 	C:\WINDOWS\SYSTEM32\profapi.dll
0x00007ff96f940000 - 0x00007ff96f95a000 	C:\Program Files\Android\Android Studio\jre\jre\bin\net.dll
0x00007ff9859b0000 - 0x00007ff985a1a000 	C:\WINDOWS\system32\mswsock.dll
0x00007ff96ed70000 - 0x00007ff96ed83000 	C:\Program Files\Android\Android Studio\jre\jre\bin\nio.dll
0x00007ff9663c0000 - 0x00007ff9663e7000 	C:\Users\DosGo\.gradle\native\f6784746aeab05261644944871eae4fe03e0ef1612fff0a4a95f87b438bc6780\windows-amd64\native-platform.dll
0x00007ff97fec0000 - 0x00007ff97fecd000 	C:\Program Files\Android\Android Studio\jre\jre\bin\management.dll
0x00007ff985c10000 - 0x00007ff985c28000 	C:\WINDOWS\SYSTEM32\CRYPTSP.dll
0x00007ff985370000 - 0x00007ff9853a4000 	C:\WINDOWS\system32\rsaenh.dll
0x00007ff986bc0000 - 0x00007ff986be7000 	C:\WINDOWS\System32\bcrypt.dll
0x00007ff9861d0000 - 0x00007ff9861fe000 	C:\WINDOWS\SYSTEM32\USERENV.dll
0x00007ff986b30000 - 0x00007ff986bb3000 	C:\WINDOWS\System32\bcryptprimitives.dll
0x00007ff985b30000 - 0x00007ff985b3c000 	C:\WINDOWS\SYSTEM32\CRYPTBASE.dll
0x00007ff9856c0000 - 0x00007ff9856fb000 	C:\WINDOWS\SYSTEM32\IPHLPAPI.DLL
0x00007ff986c60000 - 0x00007ff986c68000 	C:\WINDOWS\System32\NSI.dll
0x00007ff97e750000 - 0x00007ff97e767000 	C:\WINDOWS\SYSTEM32\dhcpcsvc6.DLL
0x00007ff97e730000 - 0x00007ff97e74d000 	C:\WINDOWS\SYSTEM32\dhcpcsvc.DLL
0x00007ff985700000 - 0x00007ff9857cc000 	C:\WINDOWS\SYSTEM32\DNSAPI.dll
0x00007ff97eed0000 - 0x00007ff97eedb000 	C:\WINDOWS\SYSTEM32\WINNSI.DLL

VM Arguments:
jvm_args: -Xmx1024m -Dfile.encoding=GBK -Duser.country=CN -Duser.language=zh -Duser.variant 
java_command: org.gradle.launcher.daemon.bootstrap.GradleDaemon 6.5
java_class_path (initial): C:\Users\DosGo\.gradle\wrapper\dists\gradle-6.5-bin\6nifqtx7604sqp1q6g8wikw7p\gradle-6.5\lib\gradle-launcher-6.5.jar
Launcher Type: SUN_STANDARD

Environment Variables:
PATH=C:\Program Files (x86)\Common Files\Oracle\Java\javapath;C:\ProgramData\Oracle\Java\javapath;C:\Windows\system32;C:\Windows;C:\Windows\System32\Wbem;C:\Windows\System32\WindowsPowerShell\v1.0\;C:\Program Files (x86)\NVIDIA Corporation\PhysX\Common;C:\WINDOWS\system32;C:\WINDOWS;C:\WINDOWS\System32\Wbem;C:\WINDOWS\System32\WindowsPowerShell\v1.0\;C:\Program Files\PuTTY\;C:\Program Files\TortoiseSVN\bin;C:\Program Files\CMake\bin;C:\Program Files (x86)\CodeBlocks\MinGW\bin;C:\WINDOWS\System32\OpenSSH\;C:\Program Files\Git\bin;C:\Program Files\nodejs\;C:\Program Files\NVIDIA Corporation\NVIDIA NvDLISR;C:\WINDOWS\system32;C:\WINDOWS;C:\WINDOWS\System32\Wbem;C:\WINDOWS\System32\WindowsPowerShell\v1.0\;C:\WINDOWS\System32\OpenSSH\;C:\Program Files\dotnet\;C:\Program Files\Java\jdk1.8.0_141\bin;C:\Program Files\OpenSSL-Win64\bin;C:\Program Files (x86)\Graphviz2.38\bin;C:\Program Files\TortoiseGit\bin;C:\mingw64\bin;C:\Program Files\LLVM\bin;D:\go\bin;C:\Users\DosGo\AppData\Local\Android\Sdk\platform-tools;C:\Program Files\Go\bin;D:\Program Files\hashcat-6.1.1;D:\flutter\bin;;C:\Program Files\Docker\Docker\resources\bin;C:\ProgramData\DockerDesktop\version-bin;C:\Users\DosGo\.cargo\bin;C:\Program Files (x86)\Python\Python37-32\Scripts\;C:\Program Files (x86)\Python\Python37-32\;C:\Users\DosGo\AppData\Local\Microsoft\WindowsApps;C:\Users\DosGo\AppData\Roaming\npm;;C:\Users\DosGo\AppData\Local\Programs\Microsoft VS Code\bin;C:\Program Files\JetBrains\GoLand 2020.1\bin;;C:\Program Files\JetBrains\PhpStorm 2020.1\bin;;C:\Users\DosGo\go\bin
USERNAME=DosGo
OS=Windows_NT
PROCESSOR_IDENTIFIER=Intel64 Family 6 Model 142 Stepping 9, GenuineIntel



---------------  S Y S T E M  ---------------

OS: Windows 10.0 , 64 bit Build 19041 (10.0.19041.1023)

CPU:total 4 (initial active 4) (2 cores per cpu, 2 threads per core) family 6 model 142 stepping 9, cmov, cx8, fxsr, mmx, sse, sse2, sse3, ssse3, sse4.1, sse4.2, popcnt, avx, avx2, aes, clmul, erms, 3dnowpref, lzcnt, ht, tsc, tscinvbit, bmi1, bmi2, adx

Memory: 4k page, physical 16642280k(1770280k free), swap 16642280k(5288k free)

vm_info: OpenJDK 64-Bit Server VM (25.242-b01) for windows-amd64 JRE (1.8.0_242-release-1644-b01), built by "builder" with MS VC++ 10.0 (VS2010)

time: Tue Jun 29 23:16:19 2021
timezone: 中国标准时间
elapsed time: 5 seconds (0d 0h 0m 5s)

