#
# There is insufficient memory for the Java Runtime Environment to continue.
# Native memory allocation (malloc) failed to allocate 1898640 bytes for Chunk::new
# Possible reasons:
#   The system is out of physical RAM or swap space
#   The process is running with CompressedOops enabled, and the Java Heap may be blocking the growth of the native heap
# Possible solutions:
#   Reduce memory load on the system
#   Increase physical memory or swap space
#   Check if swap backing store is full
#   Decrease Java heap size (-Xmx/-Xms)
#   Decrease number of Java threads
#   Decrease Java thread stack sizes (-Xss)
#   Set larger code cache with -XX:ReservedCodeCacheSize=
#   JVM is running with Unscaled Compressed Oops mode in which the Java heap is
#     placed in the first 4GB address space. The Java Heap base address is the
#     maximum limit for the native heap growth. Please use -XX:HeapBaseMinAddress
#     to set the Java Heap base and to place the Java Heap above 4GB virtual address.
# This output file may be truncated or incomplete.
#
#  Out of Memory Error (allocation.cpp:389), pid=14580, tid=0x00000000000016f8
#
# JRE version: OpenJDK Runtime Environment (8.0_242-b01) (build 1.8.0_242-release-1644-b01)
# Java VM: OpenJDK 64-Bit Server VM (25.242-b01 mixed mode windows-amd64 compressed oops)
# Failed to write core dump. Minidumps are not enabled by default on client versions of Windows
#

---------------  T H R E A D  ---------------

Current thread (0x000000001521b800):  JavaThread "C2 CompilerThread0" daemon [_thread_in_native, id=5880, stack(0x0000000016b50000,0x0000000016c50000)]

Stack: [0x0000000016b50000,0x0000000016c50000]
[error occurred during error reporting (printing stack bounds), id 0xc0000005]

Native frames: (J=compiled Java code, j=interpreted, Vv=VM code, C=native code)


Current CompileTask:
C2:   5227 1572       4       java.net.URLClassLoader$1::run (5 bytes)


---------------  P R O C E S S  ---------------

Java Threads: ( => current thread )
  0x0000000018f5a800 JavaThread "Cache worker for file hash cache (C:\Users\DosGo\.gradle\caches\6.5\fileHashes)" [_thread_blocked, id=4224, stack(0x000000001adc0000,0x000000001aec0000)]
  0x0000000018f55800 JavaThread "File lock request listener" [_thread_in_native, id=14432, stack(0x000000001acc0000,0x000000001adc0000)]
  0x0000000018f5e000 JavaThread "Cache worker for journal cache (C:\Users\DosGo\.gradle\caches\journal-1)" [_thread_blocked, id=19760, stack(0x000000001aac0000,0x000000001abc0000)]
  0x0000000018c91000 JavaThread "Thread-9" [_thread_blocked, id=4524, stack(0x000000001a7c0000,0x000000001a8c0000)]
  0x0000000018d49800 JavaThread "Stdin handler" [_thread_blocked, id=19924, stack(0x000000001a6c0000,0x000000001a7c0000)]
  0x0000000018d9b800 JavaThread "Asynchronous log dispatcher for DefaultDaemonConnection: socket connection from /127.0.0.1:60207 to /127.0.0.1:60208" [_thread_blocked, id=19856, stack(0x000000001a5c0000,0x000000001a6c0000)]
  0x0000000018c97000 JavaThread "Daemon worker" [_thread_in_vm, id=19220, stack(0x000000001a4c0000,0x000000001a5c0000)]
  0x0000000018c88000 JavaThread "Cancel handler" [_thread_blocked, id=15996, stack(0x000000001a3c0000,0x000000001a4c0000)]
  0x0000000018c7f000 JavaThread "Handler for socket connection from /127.0.0.1:60207 to /127.0.0.1:60208" [_thread_in_native, id=8056, stack(0x000000001a2c0000,0x000000001a3c0000)]
  0x0000000018c6d800 JavaThread "Daemon" [_thread_blocked, id=9016, stack(0x000000001a1c0000,0x000000001a2c0000)]
  0x0000000018c0a000 JavaThread "Daemon periodic checks" [_thread_blocked, id=13952, stack(0x0000000019ec0000,0x0000000019fc0000)]
  0x0000000018c09000 JavaThread "Incoming local TCP Connector on port 60207" [_thread_in_native, id=3920, stack(0x0000000019d10000,0x0000000019e10000)]
  0x0000000018b9d000 JavaThread "Daemon health stats" [_thread_blocked, id=20120, stack(0x00000000199f0000,0x0000000019af0000)]
  0x00000000165e5800 JavaThread "Service Thread" daemon [_thread_blocked, id=8096, stack(0x0000000016e50000,0x0000000016f50000)]
  0x000000001655e800 JavaThread "C1 CompilerThread2" daemon [_thread_blocked, id=16120, stack(0x0000000016d50000,0x0000000016e50000)]
  0x000000001655a000 JavaThread "C2 CompilerThread1" daemon [_thread_in_native, id=3376, stack(0x0000000016c50000,0x0000000016d50000)]
=>0x000000001521b800 JavaThread "C2 CompilerThread0" daemon [_thread_in_native, id=5880, stack(0x0000000016b50000,0x0000000016c50000)]
  0x00000000151ce800 JavaThread "Attach Listener" daemon [_thread_blocked, id=15432, stack(0x0000000016a50000,0x0000000016b50000)]
  0x0000000016558800 JavaThread "Signal Dispatcher" daemon [_thread_blocked, id=9272, stack(0x0000000016950000,0x0000000016a50000)]
  0x0000000002aeb800 JavaThread "Finalizer" daemon [_thread_blocked, id=11064, stack(0x0000000016440000,0x0000000016540000)]
  0x00000000151a9000 JavaThread "Reference Handler" daemon [_thread_blocked, id=16716, stack(0x0000000016340000,0x0000000016440000)]
  0x00000000029f2800 JavaThread "main" [_thread_blocked, id=3408, stack(0x00000000028f0000,0x00000000029f0000)]

Other Threads:
  0x0000000015186800 VMThread [stack: 0x0000000016240000,0x0000000016340000] [id=17348]
  0x0000000016571000 WatcherThread [stack: 0x0000000016f50000,0x0000000017050000] [id=19024]

VM state:not at safepoint (normal execution)

VM Mutex/Monitor currently owned by a thread: None

OutOfMemory and StackOverflow Exception counts:
OutOfMemoryError java_heap_errors=4

heap address: 0x00000000c0000000, size: 1024 MB, Compressed Oops mode: 32-bit
Narrow klass base: 0x0000000000000000, Narrow klass shift: 3
Compressed class space size: 1073741824 Address: 0x0000000100000000

Heap:
 PSYoungGen      total 75776K, used 61794K [0x00000000eab00000, 0x00000000eff80000, 0x0000000100000000)
  eden space 65024K, 80% used [0x00000000eab00000,0x00000000ede57f10,0x00000000eea80000)
  from space 10752K, 85% used [0x00000000ef500000,0x00000000efe00928,0x00000000eff80000)
  to   space 10752K, 0% used [0x00000000eea80000,0x00000000eea80000,0x00000000ef500000)
 ParOldGen       total 173568K, used 24K [0x00000000c0000000, 0x00000000ca980000, 0x00000000eab00000)
  object space 173568K, 0% used [0x00000000c0000000,0x00000000c0006000,0x00000000ca980000)
 Metaspace       used 19078K, capacity 19840K, committed 20096K, reserved 1067008K
  class space    used 2616K, capacity 2822K, committed 2944K, reserved 1048576K

Card table byte_map: [0x0000000011eb0000,0x00000000120c0000] byte_map_base: 0x00000000118b0000

Marking Bits: (ParMarkBitMap*) 0x0000000052cef030
 Begin Bits: [0x0000000012620000, 0x0000000013620000)
 End Bits:   [0x0000000013620000, 0x0000000014620000)

Polling page: 0x00000000024f0000

CodeCache: size=245760Kb used=6019Kb max_used=6019Kb free=239741Kb
 bounds [0x0000000002af0000, 0x00000000030e0000, 0x0000000011af0000]
 total_blobs=2167 nmethods=1753 adapters=327
 compilation: enabled

Compilation events (10 events):
Event: 5.215 Thread 0x000000001655e800 1761       3       sun.reflect.Reflection::filter (220 bytes)
Event: 5.216 Thread 0x000000001655e800 nmethod 1761 0x00000000030d0250 code [0x00000000030d0460, 0x00000000030d1048]
Event: 5.216 Thread 0x000000001655e800 1762       3       java.util.Arrays::asList (9 bytes)
Event: 5.216 Thread 0x000000001655e800 nmethod 1762 0x00000000030d16d0 code [0x00000000030d1860, 0x00000000030d1cc8]
Event: 5.216 Thread 0x000000001655e800 1763       3       java.util.Arrays$ArrayList::<init> (16 bytes)
Event: 5.217 Thread 0x000000001655e800 nmethod 1763 0x00000000030d1f50 code [0x00000000030d20e0, 0x00000000030d24c8]
Event: 5.217 Thread 0x000000001655e800 1764       3       java.net.URI::match (56 bytes)
Event: 5.217 Thread 0x000000001655e800 nmethod 1764 0x00000000030d2690 code [0x00000000030d2800, 0x00000000030d2b10]
Event: 5.217 Thread 0x000000001655e800 1765       3       java.net.URI$Parser::scan (73 bytes)
Event: 5.218 Thread 0x000000001655e800 nmethod 1765 0x00000000030d2b90 code [0x00000000030d2d60, 0x00000000030d3468]

GC Heap History (4 events):
Event: 1.583 GC heap before
{Heap before GC invocations=1 (full 0):
 PSYoungGen      total 75776K, used 65024K [0x00000000eab00000, 0x00000000eff80000, 0x0000000100000000)
  eden space 65024K, 100% used [0x00000000eab00000,0x00000000eea80000,0x00000000eea80000)
  from space 10752K, 0% used [0x00000000ef500000,0x00000000ef500000,0x00000000eff80000)
  to   space 10752K, 0% used [0x00000000eea80000,0x00000000eea80000,0x00000000ef500000)
 ParOldGen       total 173568K, used 0K [0x00000000c0000000, 0x00000000ca980000, 0x00000000eab00000)
  object space 173568K, 0% used [0x00000000c0000000,0x00000000c0000000,0x00000000ca980000)
 Metaspace       used 7786K, capacity 8104K, committed 8320K, reserved 1056768K
  class space    used 944K, capacity 1039K, committed 1152K, reserved 1048576K
Event: 1.593 GC heap after
Heap after GC invocations=1 (full 0):
 PSYoungGen      total 75776K, used 5920K [0x00000000eab00000, 0x00000000eff80000, 0x0000000100000000)
  eden space 65024K, 0% used [0x00000000eab00000,0x00000000eab00000,0x00000000eea80000)
  from space 10752K, 55% used [0x00000000eea80000,0x00000000ef048200,0x00000000ef500000)
  to   space 10752K, 0% used [0x00000000ef500000,0x00000000ef500000,0x00000000eff80000)
 ParOldGen       total 173568K, used 16K [0x00000000c0000000, 0x00000000ca980000, 0x00000000eab00000)
  object space 173568K, 0% used [0x00000000c0000000,0x00000000c0004000,0x00000000ca980000)
 Metaspace       used 7786K, capacity 8104K, committed 8320K, reserved 1056768K
  class space    used 944K, capacity 1039K, committed 1152K, reserved 1048576K
}
Event: 4.512 GC heap before
{Heap before GC invocations=2 (full 0):
 PSYoungGen      total 75776K, used 70944K [0x00000000eab00000, 0x00000000eff80000, 0x0000000100000000)
  eden space 65024K, 100% used [0x00000000eab00000,0x00000000eea80000,0x00000000eea80000)
  from space 10752K, 55% used [0x00000000eea80000,0x00000000ef048200,0x00000000ef500000)
  to   space 10752K, 0% used [0x00000000ef500000,0x00000000ef500000,0x00000000eff80000)
 ParOldGen       total 173568K, used 16K [0x00000000c0000000, 0x00000000ca980000, 0x00000000eab00000)
  object space 173568K, 0% used [0x00000000c0000000,0x00000000c0004000,0x00000000ca980000)
 Metaspace       used 14298K, capacity 14832K, committed 14976K, reserved 1062912K
  class space    used 1956K, capacity 2122K, committed 2176K, reserved 1048576K
Event: 4.522 GC heap after
Heap after GC invocations=2 (full 0):
 PSYoungGen      total 75776K, used 9218K [0x00000000eab00000, 0x00000000eff80000, 0x0000000100000000)
  eden space 65024K, 0% used [0x00000000eab00000,0x00000000eab00000,0x00000000eea80000)
  from space 10752K, 85% used [0x00000000ef500000,0x00000000efe00928,0x00000000eff80000)
  to   space 10752K, 0% used [0x00000000eea80000,0x00000000eea80000,0x00000000ef500000)
 ParOldGen       total 173568K, used 24K [0x00000000c0000000, 0x00000000ca980000, 0x00000000eab00000)
  object space 173568K, 0% used [0x00000000c0000000,0x00000000c0006000,0x00000000ca980000)
 Metaspace       used 14298K, capacity 14832K, committed 14976K, reserved 1062912K
  class space    used 1956K, capacity 2122K, committed 2176K, reserved 1048576K
}

Deoptimization events (10 events):
Event: 4.622 Thread 0x0000000018c97000 Uncommon trap: reason=unstable_if action=reinterpret pc=0x0000000002e2335c method=java.io.File.getName()Ljava/lang/String; @ 16
Event: 4.887 Thread 0x0000000018c97000 Uncommon trap: reason=unstable_if action=reinterpret pc=0x0000000002e914b0 method=java.util.LinkedHashMap.afterNodeInsertion(Z)V @ 1
Event: 4.889 Thread 0x0000000018c97000 Uncommon trap: reason=unstable_if action=reinterpret pc=0x0000000002d6d904 method=java.util.HashMap.getNode(ILjava/lang/Object;)Ljava/util/HashMap$Node; @ 129
Event: 4.889 Thread 0x0000000018c97000 Uncommon trap: reason=bimorphic action=maybe_recompile pc=0x0000000002fd0938 method=java.util.HashMap.putVal(ILjava/lang/Object;Ljava/lang/Object;ZZ)Ljava/lang/Object; @ 203
Event: 4.892 Thread 0x0000000018c97000 Uncommon trap: reason=unstable_if action=reinterpret pc=0x0000000002d68310 method=java.util.HashMap.getNode(ILjava/lang/Object;)Ljava/util/HashMap$Node; @ 129
Event: 4.893 Thread 0x0000000018c97000 Uncommon trap: reason=bimorphic action=maybe_recompile pc=0x0000000002fd0938 method=java.util.HashMap.putVal(ILjava/lang/Object;Ljava/lang/Object;ZZ)Ljava/lang/Object; @ 203
Event: 5.054 Thread 0x0000000018c97000 Uncommon trap: reason=unstable_if action=reinterpret pc=0x00000000030533cc method=java.util.jar.Attributes$Name.isDigit(C)Z @ 3
Event: 5.217 Thread 0x0000000018c97000 Uncommon trap: reason=unstable_if action=reinterpret pc=0x0000000002eafbc8 method=java.net.URI.match(CJJ)Z @ 19
Event: 5.217 Thread 0x0000000018c97000 Uncommon trap: reason=unstable_if action=reinterpret pc=0x0000000002cc4148 method=java.net.URI.match(CJJ)Z @ 19
Event: 5.217 Thread 0x0000000018c97000 Uncommon trap: reason=unstable_if action=reinterpret pc=0x0000000002dab8c0 method=java.net.URI.match(CJJ)Z @ 19

Classes redefined (0 events):
No events

Internal exceptions (10 events):
Event: 4.195 Thread 0x0000000018c7f000 Exception <a 'java/lang/NoSuchMethodError': <clinit>> (0x00000000ecfc7db8) thrown at [C:\src\AOSP-openjdk-git\hotspot\src\share\vm\prims\jni.cpp, line 1615]
Event: 4.665 Thread 0x0000000018c97000 Exception <a 'java/lang/NoSuchMethodError': java.lang.Object.lambda$and$0(Ljava/util/function/Predicate;Ljava/lang/Object;)Z> (0x00000000eb55f7e0) thrown at [C:\src\AOSP-openjdk-git\hotspot\src\share\vm\interpreter\linkResolver.cpp, line 620]
Event: 4.669 Thread 0x0000000018c97000 Exception <a 'java/lang/IncompatibleClassChangeError': Found class java.lang.Object, but interface was expected> (0x00000000eb56fad8) thrown at [C:\src\AOSP-openjdk-git\hotspot\src\share\vm\interpreter\linkResolver.cpp, line 653]
Event: 4.672 Thread 0x0000000018c97000 Exception <a 'java/lang/NoSuchMethodError': java.lang.Object.lambda$or$2(Ljava/util/function/Predicate;Ljava/lang/Object;)Z> (0x00000000eb574628) thrown at [C:\src\AOSP-openjdk-git\hotspot\src\share\vm\interpreter\linkResolver.cpp, line 620]
Event: 4.943 Thread 0x0000000018c97000 Exception <a 'java/lang/NoSuchMethodError': java.lang.Object.lambda$static$0(Lorg/gradle/internal/state/ModelObject;)Ljava/lang/String;> (0x00000000ecd303e0) thrown at [C:\src\AOSP-openjdk-git\hotspot\src\share\vm\interpreter\linkResolver.cpp, line 620]
Event: 5.219 Thread 0x0000000018c97000 Exception <a 'java/lang/OutOfMemoryError'> (0x00000000eddd8e40) thrown at [C:\src\AOSP-openjdk-git\hotspot\src\share\vm\prims\jni.cpp, line 737]
Event: 5.219 Thread 0x0000000018c97000 Exception <a 'java/lang/OutOfMemoryError'> (0x00000000eddd8e40) thrown at [C:\src\AOSP-openjdk-git\hotspot\src\share\vm\prims\jvm.cpp, line 1506]
Event: 5.219 Thread 0x0000000018c97000 Exception <a 'java/lang/OutOfMemoryError'> (0x00000000eddd8e40) thrown at [C:\src\AOSP-openjdk-git\hotspot\src\share\vm\prims\jvm.cpp, line 1506]
Event: 5.219 Thread 0x0000000018c97000 Exception <a 'java/lang/OutOfMemoryError'> (0x00000000eddd8e40) thrown at [C:\src\AOSP-openjdk-git\hotspot\src\share\vm\prims\jvm.cpp, line 1506]
Event: 5.219 Thread 0x0000000018c97000 Exception <a 'java/lang/reflect/InvocationTargetException'> (0x00000000eddd9418) thrown at [C:\src\AOSP-openjdk-git\hotspot\src\share\vm\runtime\reflection.cpp, line 1092]

Events (10 events):
Event: 5.224 loading class org/gradle/api/internal/CollectionCallbackActionDecorator$1
Event: 5.224 loading class org/gradle/api/internal/CollectionCallbackActionDecorator$1 done
Event: 5.224 loading class org/gradle/api/internal/MutationGuards
Event: 5.224 loading class org/gradle/api/internal/MutationGuards done
Event: 5.225 loading class org/gradle/api/internal/MutationGuard
Event: 5.225 loading class org/gradle/api/internal/MutationGuard done
Event: 5.225 loading class org/gradle/api/internal/MutationGuards$1
Event: 5.225 loading class org/gradle/api/internal/MutationGuards$1 done
Event: 5.226 loading class org/gradle/api/internal/model/DefaultObjectFactory
Event: 5.226 loading class org/gradle/api/internal/model/DefaultObjectFactory done


Dynamic libraries:
0x00007ff7c24b0000 - 0x00007ff7c24e1000 	C:\Program Files\Android\Android Studio\jre\bin\java.exe
0x00007ff988bd0000 - 0x00007ff988dc5000 	C:\WINDOWS\SYSTEM32\ntdll.dll
0x00007ff986e30000 - 0x00007ff986eed000 	C:\WINDOWS\System32\KERNEL32.DLL
0x00007ff986410000 - 0x00007ff9866d9000 	C:\WINDOWS\System32\KERNELBASE.dll
0x00007ff987c40000 - 0x00007ff987cec000 	C:\WINDOWS\System32\ADVAPI32.dll
0x00007ff987ba0000 - 0x00007ff987c3e000 	C:\WINDOWS\System32\msvcrt.dll
0x00007ff987b00000 - 0x00007ff987b9b000 	C:\WINDOWS\System32\sechost.dll
0x00007ff988a60000 - 0x00007ff988b8a000 	C:\WINDOWS\System32\RPCRT4.dll
0x00007ff988530000 - 0x00007ff9886d0000 	C:\WINDOWS\System32\USER32.dll
0x00007ff986990000 - 0x00007ff9869b2000 	C:\WINDOWS\System32\win32u.dll
0x00007ff988800000 - 0x00007ff98882a000 	C:\WINDOWS\System32\GDI32.dll
0x00007ff9869c0000 - 0x00007ff986acb000 	C:\WINDOWS\System32\gdi32full.dll
0x00007ff9866e0000 - 0x00007ff98677d000 	C:\WINDOWS\System32\msvcp_win.dll
0x00007ff986310000 - 0x00007ff986410000 	C:\WINDOWS\System32\ucrtbase.dll
0x00007ff9688c0000 - 0x00007ff968b5a000 	C:\WINDOWS\WinSxS\amd64_microsoft.windows.common-controls_6595b64144ccf1df_6.0.19041.1052_none_60b8f8fd71f5e8cb\COMCTL32.dll
0x00007ff988490000 - 0x00007ff9884c0000 	C:\WINDOWS\System32\IMM32.DLL
0x0000000052360000 - 0x0000000052432000 	C:\Program Files\Android\Android Studio\jre\jre\bin\msvcr100.dll
0x0000000052520000 - 0x0000000052d6b000 	C:\Program Files\Android\Android Studio\jre\jre\bin\server\jvm.dll
0x00007ff9877f0000 - 0x00007ff9877f8000 	C:\WINDOWS\System32\PSAPI.DLL
0x00007ff980eb0000 - 0x00007ff980eb9000 	C:\WINDOWS\SYSTEM32\WSOCK32.dll
0x00007ff96e0a0000 - 0x00007ff96e0c7000 	C:\WINDOWS\SYSTEM32\WINMM.dll
0x00007ff97d120000 - 0x00007ff97d12a000 	C:\WINDOWS\SYSTEM32\VERSION.dll
0x00007ff9884c0000 - 0x00007ff98852b000 	C:\WINDOWS\System32\WS2_32.dll
0x00007ff980dc0000 - 0x00007ff980dcf000 	C:\Program Files\Android\Android Studio\jre\jre\bin\verify.dll
0x00007ff978b30000 - 0x00007ff978b59000 	C:\Program Files\Android\Android Studio\jre\jre\bin\java.dll
0x00007ff97b840000 - 0x00007ff97b856000 	C:\Program Files\Android\Android Studio\jre\jre\bin\zip.dll
0x00007ff987cf0000 - 0x00007ff98842f000 	C:\WINDOWS\System32\SHELL32.dll
0x00007ff984400000 - 0x00007ff984b91000 	C:\WINDOWS\SYSTEM32\windows.storage.dll
0x00007ff987490000 - 0x00007ff9877e5000 	C:\WINDOWS\System32\combase.dll
0x00007ff985bd0000 - 0x00007ff985bfc000 	C:\WINDOWS\SYSTEM32\Wldp.dll
0x00007ff9889b0000 - 0x00007ff988a5e000 	C:\WINDOWS\System32\SHCORE.dll
0x00007ff9887a0000 - 0x00007ff9887f5000 	C:\WINDOWS\System32\shlwapi.dll
0x00007ff986250000 - 0x00007ff98626f000 	C:\WINDOWS\SYSTEM32\profapi.dll
0x00007ff96f940000 - 0x00007ff96f95a000 	C:\Program Files\Android\Android Studio\jre\jre\bin\net.dll
0x00007ff9859b0000 - 0x00007ff985a1a000 	C:\WINDOWS\system32\mswsock.dll
0x00007ff96ed70000 - 0x00007ff96ed83000 	C:\Program Files\Android\Android Studio\jre\jre\bin\nio.dll
0x00007ff9663c0000 - 0x00007ff9663e7000 	C:\Users\DosGo\.gradle\native\f6784746aeab05261644944871eae4fe03e0ef1612fff0a4a95f87b438bc6780\windows-amd64\native-platform.dll
0x00007ff97fec0000 - 0x00007ff97fecd000 	C:\Program Files\Android\Android Studio\jre\jre\bin\management.dll
0x00007ff985c10000 - 0x00007ff985c28000 	C:\WINDOWS\SYSTEM32\CRYPTSP.dll
0x00007ff985370000 - 0x00007ff9853a4000 	C:\WINDOWS\system32\rsaenh.dll
0x00007ff986bc0000 - 0x00007ff986be7000 	C:\WINDOWS\System32\bcrypt.dll
0x00007ff9861d0000 - 0x00007ff9861fe000 	C:\WINDOWS\SYSTEM32\USERENV.dll
0x00007ff986b30000 - 0x00007ff986bb3000 	C:\WINDOWS\System32\bcryptprimitives.dll
0x00007ff985b30000 - 0x00007ff985b3c000 	C:\WINDOWS\SYSTEM32\CRYPTBASE.dll
0x00007ff9856c0000 - 0x00007ff9856fb000 	C:\WINDOWS\SYSTEM32\IPHLPAPI.DLL
0x00007ff986c60000 - 0x00007ff986c68000 	C:\WINDOWS\System32\NSI.dll
0x00007ff97e750000 - 0x00007ff97e767000 	C:\WINDOWS\SYSTEM32\dhcpcsvc6.DLL
0x00007ff97e730000 - 0x00007ff97e74d000 	C:\WINDOWS\SYSTEM32\dhcpcsvc.DLL
0x00007ff985700000 - 0x00007ff9857cc000 	C:\WINDOWS\SYSTEM32\DNSAPI.dll
0x00007ff97eed0000 - 0x00007ff97eedb000 	C:\WINDOWS\SYSTEM32\WINNSI.DLL

VM Arguments:
jvm_args: -Xmx1024m -Dfile.encoding=GBK -Duser.country=CN -Duser.language=zh -Duser.variant 
java_command: org.gradle.launcher.daemon.bootstrap.GradleDaemon 6.5
java_class_path (initial): C:\Users\DosGo\.gradle\wrapper\dists\gradle-6.5-bin\6nifqtx7604sqp1q6g8wikw7p\gradle-6.5\lib\gradle-launcher-6.5.jar
Launcher Type: SUN_STANDARD

Environment Variables:
PATH=C:\Program Files (x86)\Common Files\Oracle\Java\javapath;C:\ProgramData\Oracle\Java\javapath;C:\Windows\system32;C:\Windows;C:\Windows\System32\Wbem;C:\Windows\System32\WindowsPowerShell\v1.0\;C:\Program Files (x86)\NVIDIA Corporation\PhysX\Common;C:\WINDOWS\system32;C:\WINDOWS;C:\WINDOWS\System32\Wbem;C:\WINDOWS\System32\WindowsPowerShell\v1.0\;C:\Program Files\PuTTY\;C:\Program Files\TortoiseSVN\bin;C:\Program Files\CMake\bin;C:\Program Files (x86)\CodeBlocks\MinGW\bin;C:\WINDOWS\System32\OpenSSH\;C:\Program Files\Git\bin;C:\Program Files\nodejs\;C:\Program Files\NVIDIA Corporation\NVIDIA NvDLISR;C:\WINDOWS\system32;C:\WINDOWS;C:\WINDOWS\System32\Wbem;C:\WINDOWS\System32\WindowsPowerShell\v1.0\;C:\WINDOWS\System32\OpenSSH\;C:\Program Files\dotnet\;C:\Program Files\Java\jdk1.8.0_141\bin;C:\Program Files\OpenSSL-Win64\bin;C:\Program Files (x86)\Graphviz2.38\bin;C:\Program Files\TortoiseGit\bin;C:\mingw64\bin;C:\Program Files\LLVM\bin;D:\go\bin;C:\Users\DosGo\AppData\Local\Android\Sdk\platform-tools;C:\Program Files\Go\bin;D:\Program Files\hashcat-6.1.1;D:\flutter\bin;;C:\Program Files\Docker\Docker\resources\bin;C:\ProgramData\DockerDesktop\version-bin;C:\Users\DosGo\.cargo\bin;C:\Program Files (x86)\Python\Python37-32\Scripts\;C:\Program Files (x86)\Python\Python37-32\;C:\Users\DosGo\AppData\Local\Microsoft\WindowsApps;C:\Users\DosGo\AppData\Roaming\npm;;C:\Users\DosGo\AppData\Local\Programs\Microsoft VS Code\bin;C:\Program Files\JetBrains\GoLand 2020.1\bin;;C:\Program Files\JetBrains\PhpStorm 2020.1\bin;;C:\Users\DosGo\go\bin
USERNAME=DosGo
OS=Windows_NT
PROCESSOR_IDENTIFIER=Intel64 Family 6 Model 142 Stepping 9, GenuineIntel



---------------  S Y S T E M  ---------------

OS: Windows 10.0 , 64 bit Build 19041 (10.0.19041.1023)

CPU:total 4 (initial active 4) (2 cores per cpu, 2 threads per core) family 6 model 142 stepping 9, cmov, cx8, fxsr, mmx, sse, sse2, sse3, ssse3, sse4.1, sse4.2, popcnt, avx, avx2, aes, clmul, erms, 3dnowpref, lzcnt, ht, tsc, tscinvbit, bmi1, bmi2, adx

Memory: 4k page, physical 16642280k(1777408k free), swap 16642280k(5384k free)

vm_info: OpenJDK 64-Bit Server VM (25.242-b01) for windows-amd64 JRE (1.8.0_242-release-1644-b01), built by "builder" with MS VC++ 10.0 (VS2010)

time: Tue Jun 29 23:15:16 2021
timezone: 中国标准时间
elapsed time: 5 seconds (0d 0h 0m 5s)

