#
# There is insufficient memory for the Java Runtime Environment to continue.
# Native memory allocation (malloc) failed to allocate 32744 bytes for ChunkPool::allocate
# Possible reasons:
#   The system is out of physical RAM or swap space
#   The process is running with CompressedOops enabled, and the Java Heap may be blocking the growth of the native heap
# Possible solutions:
#   Reduce memory load on the system
#   Increase physical memory or swap space
#   Check if swap backing store is full
#   Decrease Java heap size (-Xmx/-Xms)
#   Decrease number of Java threads
#   Decrease Java thread stack sizes (-Xss)
#   Set larger code cache with -XX:ReservedCodeCacheSize=
#   JVM is running with Unscaled Compressed Oops mode in which the Java heap is
#     placed in the first 4GB address space. The Java Heap base address is the
#     maximum limit for the native heap growth. Please use -XX:HeapBaseMinAddress
#     to set the Java Heap base and to place the Java Heap above 4GB virtual address.
# This output file may be truncated or incomplete.
#
#  Out of Memory Error (allocation.cpp:272), pid=13256, tid=0x0000000000004eec
#
# JRE version: OpenJDK Runtime Environment (8.0_242-b01) (build 1.8.0_242-release-1644-b01)
# Java VM: OpenJDK 64-Bit Server VM (25.242-b01 mixed mode windows-amd64 compressed oops)
# Failed to write core dump. Minidumps are not enabled by default on client versions of Windows
#

---------------  T H R E A D  ---------------

Current thread (0x0000000016919000):  JavaThread "C1 CompilerThread2" daemon [_thread_in_native, id=20204, stack(0x0000000017100000,0x0000000017200000)]

Stack: [0x0000000017100000,0x0000000017200000]
[error occurred during error reporting (printing stack bounds), id 0xc0000005]

Native frames: (J=compiled Java code, j=interpreted, Vv=VM code, C=native code)


Current CompileTask:
C1:   7399 1725       3       org.gradle.internal.reflect.PropertyAccessorType::
[error occurred during error reporting (printing current compile task), id 0xe0000001]


---------------  P R O C E S S  ---------------

Java Threads: ( => current thread )
  0x0000000017466000 JavaThread "Cache worker for file hash cache (C:\Users\DosGo\.gradle\caches\6.5\fileHashes)" [_thread_blocked, id=11916, stack(0x000000001b170000,0x000000001b270000)]
  0x0000000017468800 JavaThread "File lock request listener" [_thread_in_native, id=6800, stack(0x000000001b070000,0x000000001b170000)]
  0x0000000017d39000 JavaThread "Cache worker for journal cache (C:\Users\DosGo\.gradle\caches\journal-1)" [_thread_blocked, id=17972, stack(0x000000001ae70000,0x000000001af70000)]
  0x0000000016c0a000 JavaThread "Thread-9" [_thread_blocked, id=7072, stack(0x000000001ab70000,0x000000001ac70000)]
  0x0000000016c09000 JavaThread "Stdin handler" [_thread_blocked, id=17988, stack(0x000000001aa70000,0x000000001ab70000)]
  0x0000000016c04800 JavaThread "Asynchronous log dispatcher for DefaultDaemonConnection: socket connection from /127.0.0.1:60310 to /127.0.0.1:60311" [_thread_blocked, id=8500, stack(0x000000001a970000,0x000000001aa70000)]
  0x0000000016b0c800 JavaThread "Daemon worker" [_thread_in_vm, id=11384, stack(0x000000001a870000,0x000000001a970000)]
  0x0000000016b16800 JavaThread "Cancel handler" [_thread_blocked, id=17428, stack(0x000000001a770000,0x000000001a870000)]
  0x00000000180b0000 JavaThread "Handler for socket connection from /127.0.0.1:60310 to /127.0.0.1:60311" [_thread_in_native, id=18472, stack(0x000000001a670000,0x000000001a770000)]
  0x0000000018091800 JavaThread "Daemon" [_thread_blocked, id=18672, stack(0x000000001a570000,0x000000001a670000)]
  0x0000000018e0c000 JavaThread "Daemon periodic checks" [_thread_blocked, id=13448, stack(0x000000001a470000,0x000000001a570000)]
  0x0000000018e0a000 JavaThread "Incoming local TCP Connector on port 60310" [_thread_in_native, id=8108, stack(0x000000001a0c0000,0x000000001a1c0000)]
  0x0000000018d7f800 JavaThread "Daemon health stats" [_thread_blocked, id=7028, stack(0x0000000019da0000,0x0000000019ea0000)]
  0x000000001698e800 JavaThread "Service Thread" daemon [_thread_blocked, id=9020, stack(0x0000000017200000,0x0000000017300000)]
=>0x0000000016919000 JavaThread "C1 CompilerThread2" daemon [_thread_in_native, id=20204, stack(0x0000000017100000,0x0000000017200000)]
  0x000000001690a000 JavaThread "C2 CompilerThread1" daemon [_thread_in_native, id=8244, stack(0x0000000017000000,0x0000000017100000)]
  0x000000001553e000 JavaThread "C2 CompilerThread0" daemon [_thread_in_native, id=13336, stack(0x0000000016f00000,0x0000000017000000)]
  0x000000001558e800 JavaThread "Attach Listener" daemon [_thread_blocked, id=17880, stack(0x0000000016e00000,0x0000000016f00000)]
  0x0000000016908800 JavaThread "Signal Dispatcher" daemon [_thread_blocked, id=14840, stack(0x0000000016d00000,0x0000000016e00000)]
  0x0000000002e2d000 JavaThread "Finalizer" daemon [_thread_blocked, id=18436, stack(0x0000000016790000,0x0000000016890000)]
  0x0000000015518800 JavaThread "Reference Handler" daemon [_thread_blocked, id=8980, stack(0x0000000016690000,0x0000000016790000)]
  0x0000000002d32800 JavaThread "main" [_thread_blocked, id=804, stack(0x0000000002c20000,0x0000000002d20000)]

Other Threads:
  0x00000000154f6800 VMThread [stack: 0x0000000016590000,0x0000000016690000] [id=13080]
  0x000000001698f800 WatcherThread [stack: 0x0000000017300000,0x0000000017400000] [id=7060]

VM state:not at safepoint (normal execution)

VM Mutex/Monitor currently owned by a thread: None

heap address: 0x00000000c0000000, size: 1024 MB, Compressed Oops mode: 32-bit
Narrow klass base: 0x0000000000000000, Narrow klass shift: 3
Compressed class space size: 1073741824 Address: 0x0000000100000000

Heap:
 PSYoungGen      total 75776K, used 60217K [0x00000000eab00000, 0x00000000eff80000, 0x0000000100000000)
  eden space 65024K, 78% used [0x00000000eab00000,0x00000000edcf58a0,0x00000000eea80000)
  from space 10752K, 84% used [0x00000000ef500000,0x00000000efdd8c58,0x00000000eff80000)
  to   space 10752K, 0% used [0x00000000eea80000,0x00000000eea80000,0x00000000ef500000)
 ParOldGen       total 173568K, used 16K [0x00000000c0000000, 0x00000000ca980000, 0x00000000eab00000)
  object space 173568K, 0% used [0x00000000c0000000,0x00000000c0004000,0x00000000ca980000)
 Metaspace       used 18875K, capacity 19598K, committed 19712K, reserved 1067008K
  class space    used 2577K, capacity 2785K, committed 2816K, reserved 1048576K

Card table byte_map: [0x0000000012200000,0x0000000012410000] byte_map_base: 0x0000000011c00000

Marking Bits: (ParMarkBitMap*) 0x0000000052cef030
 Begin Bits: [0x0000000012970000, 0x0000000013970000)
 End Bits:   [0x0000000013970000, 0x0000000014970000)

Polling page: 0x0000000001120000

CodeCache: size=245760Kb used=5975Kb max_used=5975Kb free=239784Kb
 bounds [0x0000000002e40000, 0x0000000003420000, 0x0000000011e40000]
 total_blobs=2129 nmethods=1715 adapters=327
 compilation: enabled

Compilation events (10 events):
Event: 7.394 Thread 0x0000000016919000 nmethod 1719 0x0000000003416890 code [0x00000000034169e0, 0x0000000003416b90]
Event: 7.394 Thread 0x0000000016919000 1720       3       java.lang.Integer::hashCode (2 bytes)
Event: 7.394 Thread 0x0000000016919000 nmethod 1720 0x0000000003416c50 code [0x0000000003416da0, 0x0000000003416ed0]
Event: 7.394 Thread 0x0000000016919000 1721       3       java.lang.reflect.Modifier::isAbstract (14 bytes)
Event: 7.394 Thread 0x0000000016919000 nmethod 1721 0x0000000003416f50 code [0x00000000034170a0, 0x0000000003417230]
Event: 7.394 Thread 0x0000000016919000 1723       3       java.util.Objects::equals (23 bytes)
Event: 7.394 Thread 0x0000000016919000 nmethod 1723 0x0000000003417290 code [0x0000000003417400, 0x00000000034176c8]
Event: 7.394 Thread 0x0000000016919000 1722       3       org.gradle.internal.reflect.MethodSet$MethodKey::hashCode (29 bytes)
Event: 7.395 Thread 0x0000000016919000 nmethod 1722 0x0000000003417790 code [0x0000000003417940, 0x0000000003418128]
Event: 7.395 Thread 0x0000000016919000 1725       3       org.gradle.internal.reflect.PropertyAccessorType::of (95 bytes)

GC Heap History (4 events):
Event: 2.451 GC heap before
{Heap before GC invocations=1 (full 0):
 PSYoungGen      total 75776K, used 65024K [0x00000000eab00000, 0x00000000eff80000, 0x0000000100000000)
  eden space 65024K, 100% used [0x00000000eab00000,0x00000000eea80000,0x00000000eea80000)
  from space 10752K, 0% used [0x00000000ef500000,0x00000000ef500000,0x00000000eff80000)
  to   space 10752K, 0% used [0x00000000eea80000,0x00000000eea80000,0x00000000ef500000)
 ParOldGen       total 173568K, used 0K [0x00000000c0000000, 0x00000000ca980000, 0x00000000eab00000)
  object space 173568K, 0% used [0x00000000c0000000,0x00000000c0000000,0x00000000ca980000)
 Metaspace       used 7799K, capacity 8104K, committed 8320K, reserved 1056768K
  class space    used 944K, capacity 1039K, committed 1152K, reserved 1048576K
Event: 2.461 GC heap after
Heap after GC invocations=1 (full 0):
 PSYoungGen      total 75776K, used 5934K [0x00000000eab00000, 0x00000000eff80000, 0x0000000100000000)
  eden space 65024K, 0% used [0x00000000eab00000,0x00000000eab00000,0x00000000eea80000)
  from space 10752K, 55% used [0x00000000eea80000,0x00000000ef04b978,0x00000000ef500000)
  to   space 10752K, 0% used [0x00000000ef500000,0x00000000ef500000,0x00000000eff80000)
 ParOldGen       total 173568K, used 8K [0x00000000c0000000, 0x00000000ca980000, 0x00000000eab00000)
  object space 173568K, 0% used [0x00000000c0000000,0x00000000c0002000,0x00000000ca980000)
 Metaspace       used 7799K, capacity 8104K, committed 8320K, reserved 1056768K
  class space    used 944K, capacity 1039K, committed 1152K, reserved 1048576K
}
Event: 6.631 GC heap before
{Heap before GC invocations=2 (full 0):
 PSYoungGen      total 75776K, used 70958K [0x00000000eab00000, 0x00000000eff80000, 0x0000000100000000)
  eden space 65024K, 100% used [0x00000000eab00000,0x00000000eea80000,0x00000000eea80000)
  from space 10752K, 55% used [0x00000000eea80000,0x00000000ef04b978,0x00000000ef500000)
  to   space 10752K, 0% used [0x00000000ef500000,0x00000000ef500000,0x00000000eff80000)
 ParOldGen       total 173568K, used 8K [0x00000000c0000000, 0x00000000ca980000, 0x00000000eab00000)
  object space 173568K, 0% used [0x00000000c0000000,0x00000000c0002000,0x00000000ca980000)
 Metaspace       used 14126K, capacity 14672K, committed 14976K, reserved 1062912K
  class space    used 1936K, capacity 2090K, committed 2176K, reserved 1048576K
Event: 6.645 GC heap after
Heap after GC invocations=2 (full 0):
 PSYoungGen      total 75776K, used 9059K [0x00000000eab00000, 0x00000000eff80000, 0x0000000100000000)
  eden space 65024K, 0% used [0x00000000eab00000,0x00000000eab00000,0x00000000eea80000)
  from space 10752K, 84% used [0x00000000ef500000,0x00000000efdd8c58,0x00000000eff80000)
  to   space 10752K, 0% used [0x00000000eea80000,0x00000000eea80000,0x00000000ef500000)
 ParOldGen       total 173568K, used 16K [0x00000000c0000000, 0x00000000ca980000, 0x00000000eab00000)
  object space 173568K, 0% used [0x00000000c0000000,0x00000000c0004000,0x00000000ca980000)
 Metaspace       used 14126K, capacity 14672K, committed 14976K, reserved 1062912K
  class space    used 1936K, capacity 2090K, committed 2176K, reserved 1048576K
}

Deoptimization events (10 events):
Event: 6.648 Thread 0x0000000016b0c800 Uncommon trap: reason=class_check action=maybe_recompile pc=0x000000000319b658 method=java.util.regex.Matcher.match(II)Z @ 86
Event: 6.648 Thread 0x0000000016b0c800 Uncommon trap: reason=class_check action=maybe_recompile pc=0x000000000319b658 method=java.util.regex.Matcher.match(II)Z @ 86
Event: 6.649 Thread 0x0000000016b0c800 Uncommon trap: reason=class_check action=maybe_recompile pc=0x000000000300980c method=java.util.regex.Matcher.match(II)Z @ 86
Event: 6.830 Thread 0x0000000016b0c800 Uncommon trap: reason=unstable_if action=reinterpret pc=0x000000000318e64c method=java.io.File.getName()Ljava/lang/String; @ 16
Event: 7.100 Thread 0x0000000016b0c800 Uncommon trap: reason=unstable_if action=reinterpret pc=0x00000000031ef730 method=java.util.LinkedHashMap.afterNodeInsertion(Z)V @ 1
Event: 7.101 Thread 0x0000000016b0c800 Uncommon trap: reason=unstable_if action=reinterpret pc=0x00000000030c2f84 method=java.util.HashMap.getNode(ILjava/lang/Object;)Ljava/util/HashMap$Node; @ 129
Event: 7.101 Thread 0x0000000016b0c800 Uncommon trap: reason=bimorphic action=maybe_recompile pc=0x000000000332b874 method=java.util.HashMap.putVal(ILjava/lang/Object;Ljava/lang/Object;ZZ)Ljava/lang/Object; @ 203
Event: 7.103 Thread 0x0000000016b0c800 Uncommon trap: reason=unstable_if action=reinterpret pc=0x00000000030c4f50 method=java.util.HashMap.getNode(ILjava/lang/Object;)Ljava/util/HashMap$Node; @ 129
Event: 7.103 Thread 0x0000000016b0c800 Uncommon trap: reason=bimorphic action=maybe_recompile pc=0x000000000332b874 method=java.util.HashMap.putVal(ILjava/lang/Object;Ljava/lang/Object;ZZ)Ljava/lang/Object; @ 203
Event: 7.251 Thread 0x0000000016b0c800 Uncommon trap: reason=unstable_if action=reinterpret pc=0x00000000033ac30c method=java.util.jar.Attributes$Name.isDigit(C)Z @ 3

Classes redefined (0 events):
No events

Internal exceptions (10 events):
Event: 6.171 Thread 0x00000000180b0000 Exception <a 'java/lang/NoSuchMethodError': <clinit>> (0x00000000ecfce700) thrown at [C:\src\AOSP-openjdk-git\hotspot\src\share\vm\prims\jni.cpp, line 1615]
Event: 6.173 Thread 0x00000000180b0000 Exception <a 'java/lang/NoSuchMethodError': <clinit>> (0x00000000ecfe4a68) thrown at [C:\src\AOSP-openjdk-git\hotspot\src\share\vm\prims\jni.cpp, line 1615]
Event: 6.190 Thread 0x00000000180b0000 Exception <a 'java/lang/NoSuchMethodError': <clinit>> (0x00000000ed053a18) thrown at [C:\src\AOSP-openjdk-git\hotspot\src\share\vm\prims\jni.cpp, line 1615]
Event: 6.195 Thread 0x00000000180b0000 Exception <a 'java/lang/NoSuchMethodError': <clinit>> (0x00000000ed0832c8) thrown at [C:\src\AOSP-openjdk-git\hotspot\src\share\vm\prims\jni.cpp, line 1615]
Event: 6.200 Thread 0x00000000180b0000 Exception <a 'java/lang/NoSuchMethodError': <clinit>> (0x00000000ed0b03c0) thrown at [C:\src\AOSP-openjdk-git\hotspot\src\share\vm\prims\jni.cpp, line 1615]
Event: 6.202 Thread 0x00000000180b0000 Exception <a 'java/lang/NoSuchMethodError': <clinit>> (0x00000000ed0bc8f0) thrown at [C:\src\AOSP-openjdk-git\hotspot\src\share\vm\prims\jni.cpp, line 1615]
Event: 6.895 Thread 0x0000000016b0c800 Exception <a 'java/lang/NoSuchMethodError': java.lang.Object.lambda$and$0(Ljava/util/function/Predicate;Ljava/lang/Object;)Z> (0x00000000eb6fe948) thrown at [C:\src\AOSP-openjdk-git\hotspot\src\share\vm\interpreter\linkResolver.cpp, line 620]
Event: 6.906 Thread 0x0000000016b0c800 Exception <a 'java/lang/IncompatibleClassChangeError': Found class java.lang.Object, but interface was expected> (0x00000000eb70ec40) thrown at [C:\src\AOSP-openjdk-git\hotspot\src\share\vm\interpreter\linkResolver.cpp, line 653]
Event: 6.909 Thread 0x0000000016b0c800 Exception <a 'java/lang/NoSuchMethodError': java.lang.Object.lambda$or$2(Ljava/util/function/Predicate;Ljava/lang/Object;)Z> (0x00000000eb713790) thrown at [C:\src\AOSP-openjdk-git\hotspot\src\share\vm\interpreter\linkResolver.cpp, line 620]
Event: 7.145 Thread 0x0000000016b0c800 Exception <a 'java/lang/NoSuchMethodError': java.lang.Object.lambda$static$0(Lorg/gradle/internal/state/ModelObject;)Ljava/lang/String;> (0x00000000ece814c8) thrown at [C:\src\AOSP-openjdk-git\hotspot\src\share\vm\interpreter\linkResolver.cpp, line 620]

Events (10 events):
Event: 7.387 loading class org/gradle/api/plugins/ObjectConfigurationAction
Event: 7.387 loading class org/gradle/api/plugins/ObjectConfigurationAction done
Event: 7.391 loading class org/gradle/execution/taskgraph/TaskExecutionGraphInternal
Event: 7.391 loading class org/gradle/execution/taskgraph/TaskExecutionGraphInternal done
Event: 7.392 loading class org/gradle/api/plugins/PluginContainer
Event: 7.392 loading class org/gradle/api/plugins/PluginContainer done
Event: 7.392 loading class org/gradle/api/plugins/PluginCollection
Event: 7.392 loading class org/gradle/api/plugins/PluginCollection done
Event: 7.393 loading class org/gradle/configuration/ConfigurationTargetIdentifier
Event: 7.393 loading class org/gradle/configuration/ConfigurationTargetIdentifier done


Dynamic libraries:
0x00007ff7c24b0000 - 0x00007ff7c24e1000 	C:\Program Files\Android\Android Studio\jre\bin\java.exe
0x00007ff988bd0000 - 0x00007ff988dc5000 	C:\WINDOWS\SYSTEM32\ntdll.dll
0x00007ff986e30000 - 0x00007ff986eed000 	C:\WINDOWS\System32\KERNEL32.DLL
0x00007ff986410000 - 0x00007ff9866d9000 	C:\WINDOWS\System32\KERNELBASE.dll
0x00007ff987c40000 - 0x00007ff987cec000 	C:\WINDOWS\System32\ADVAPI32.dll
0x00007ff987ba0000 - 0x00007ff987c3e000 	C:\WINDOWS\System32\msvcrt.dll
0x00007ff987b00000 - 0x00007ff987b9b000 	C:\WINDOWS\System32\sechost.dll
0x00007ff988a60000 - 0x00007ff988b8a000 	C:\WINDOWS\System32\RPCRT4.dll
0x00007ff988530000 - 0x00007ff9886d0000 	C:\WINDOWS\System32\USER32.dll
0x00007ff986990000 - 0x00007ff9869b2000 	C:\WINDOWS\System32\win32u.dll
0x00007ff988800000 - 0x00007ff98882a000 	C:\WINDOWS\System32\GDI32.dll
0x00007ff9869c0000 - 0x00007ff986acb000 	C:\WINDOWS\System32\gdi32full.dll
0x00007ff9866e0000 - 0x00007ff98677d000 	C:\WINDOWS\System32\msvcp_win.dll
0x00007ff986310000 - 0x00007ff986410000 	C:\WINDOWS\System32\ucrtbase.dll
0x00007ff9688c0000 - 0x00007ff968b5a000 	C:\WINDOWS\WinSxS\amd64_microsoft.windows.common-controls_6595b64144ccf1df_6.0.19041.1052_none_60b8f8fd71f5e8cb\COMCTL32.dll
0x00007ff988490000 - 0x00007ff9884c0000 	C:\WINDOWS\System32\IMM32.DLL
0x0000000052360000 - 0x0000000052432000 	C:\Program Files\Android\Android Studio\jre\jre\bin\msvcr100.dll
0x0000000052520000 - 0x0000000052d6b000 	C:\Program Files\Android\Android Studio\jre\jre\bin\server\jvm.dll
0x00007ff9877f0000 - 0x00007ff9877f8000 	C:\WINDOWS\System32\PSAPI.DLL
0x00007ff96e0a0000 - 0x00007ff96e0c7000 	C:\WINDOWS\SYSTEM32\WINMM.dll
0x00007ff97d120000 - 0x00007ff97d12a000 	C:\WINDOWS\SYSTEM32\VERSION.dll
0x00007ff980eb0000 - 0x00007ff980eb9000 	C:\WINDOWS\SYSTEM32\WSOCK32.dll
0x00007ff9884c0000 - 0x00007ff98852b000 	C:\WINDOWS\System32\WS2_32.dll
0x00007ff980dc0000 - 0x00007ff980dcf000 	C:\Program Files\Android\Android Studio\jre\jre\bin\verify.dll
0x00007ff978b30000 - 0x00007ff978b59000 	C:\Program Files\Android\Android Studio\jre\jre\bin\java.dll
0x00007ff97b840000 - 0x00007ff97b856000 	C:\Program Files\Android\Android Studio\jre\jre\bin\zip.dll
0x00007ff987cf0000 - 0x00007ff98842f000 	C:\WINDOWS\System32\SHELL32.dll
0x00007ff984400000 - 0x00007ff984b91000 	C:\WINDOWS\SYSTEM32\windows.storage.dll
0x00007ff987490000 - 0x00007ff9877e5000 	C:\WINDOWS\System32\combase.dll
0x00007ff985bd0000 - 0x00007ff985bfc000 	C:\WINDOWS\SYSTEM32\Wldp.dll
0x00007ff9889b0000 - 0x00007ff988a5e000 	C:\WINDOWS\System32\SHCORE.dll
0x00007ff9887a0000 - 0x00007ff9887f5000 	C:\WINDOWS\System32\shlwapi.dll
0x00007ff986250000 - 0x00007ff98626f000 	C:\WINDOWS\SYSTEM32\profapi.dll
0x00007ff96f940000 - 0x00007ff96f95a000 	C:\Program Files\Android\Android Studio\jre\jre\bin\net.dll
0x00007ff9859b0000 - 0x00007ff985a1a000 	C:\WINDOWS\system32\mswsock.dll
0x00007ff96ed70000 - 0x00007ff96ed83000 	C:\Program Files\Android\Android Studio\jre\jre\bin\nio.dll
0x00007ff9663c0000 - 0x00007ff9663e7000 	C:\Users\DosGo\.gradle\native\f6784746aeab05261644944871eae4fe03e0ef1612fff0a4a95f87b438bc6780\windows-amd64\native-platform.dll
0x00007ff97fec0000 - 0x00007ff97fecd000 	C:\Program Files\Android\Android Studio\jre\jre\bin\management.dll
0x00007ff985c10000 - 0x00007ff985c28000 	C:\WINDOWS\SYSTEM32\CRYPTSP.dll
0x00007ff985370000 - 0x00007ff9853a4000 	C:\WINDOWS\system32\rsaenh.dll
0x00007ff986bc0000 - 0x00007ff986be7000 	C:\WINDOWS\System32\bcrypt.dll
0x00007ff9861d0000 - 0x00007ff9861fe000 	C:\WINDOWS\SYSTEM32\USERENV.dll
0x00007ff986b30000 - 0x00007ff986bb3000 	C:\WINDOWS\System32\bcryptprimitives.dll
0x00007ff985b30000 - 0x00007ff985b3c000 	C:\WINDOWS\SYSTEM32\CRYPTBASE.dll
0x00007ff9856c0000 - 0x00007ff9856fb000 	C:\WINDOWS\SYSTEM32\IPHLPAPI.DLL
0x00007ff986c60000 - 0x00007ff986c68000 	C:\WINDOWS\System32\NSI.dll
0x00007ff97e750000 - 0x00007ff97e767000 	C:\WINDOWS\SYSTEM32\dhcpcsvc6.DLL
0x00007ff97e730000 - 0x00007ff97e74d000 	C:\WINDOWS\SYSTEM32\dhcpcsvc.DLL
0x00007ff985700000 - 0x00007ff9857cc000 	C:\WINDOWS\SYSTEM32\DNSAPI.dll
0x00007ff97eed0000 - 0x00007ff97eedb000 	C:\WINDOWS\SYSTEM32\WINNSI.DLL

VM Arguments:
jvm_args: -Xmx1024m -Dfile.encoding=GBK -Duser.country=CN -Duser.language=zh -Duser.variant 
java_command: org.gradle.launcher.daemon.bootstrap.GradleDaemon 6.5
java_class_path (initial): C:\Users\DosGo\.gradle\wrapper\dists\gradle-6.5-bin\6nifqtx7604sqp1q6g8wikw7p\gradle-6.5\lib\gradle-launcher-6.5.jar
Launcher Type: SUN_STANDARD

Environment Variables:
PATH=C:\Program Files (x86)\Common Files\Oracle\Java\javapath;C:\ProgramData\Oracle\Java\javapath;C:\Windows\system32;C:\Windows;C:\Windows\System32\Wbem;C:\Windows\System32\WindowsPowerShell\v1.0\;C:\Program Files (x86)\NVIDIA Corporation\PhysX\Common;C:\WINDOWS\system32;C:\WINDOWS;C:\WINDOWS\System32\Wbem;C:\WINDOWS\System32\WindowsPowerShell\v1.0\;C:\Program Files\PuTTY\;C:\Program Files\TortoiseSVN\bin;C:\Program Files\CMake\bin;C:\Program Files (x86)\CodeBlocks\MinGW\bin;C:\WINDOWS\System32\OpenSSH\;C:\Program Files\Git\bin;C:\Program Files\nodejs\;C:\Program Files\NVIDIA Corporation\NVIDIA NvDLISR;C:\WINDOWS\system32;C:\WINDOWS;C:\WINDOWS\System32\Wbem;C:\WINDOWS\System32\WindowsPowerShell\v1.0\;C:\WINDOWS\System32\OpenSSH\;C:\Program Files\dotnet\;C:\Program Files\Java\jdk1.8.0_141\bin;C:\Program Files\OpenSSL-Win64\bin;C:\Program Files (x86)\Graphviz2.38\bin;C:\Program Files\TortoiseGit\bin;C:\mingw64\bin;C:\Program Files\LLVM\bin;D:\go\bin;C:\Users\DosGo\AppData\Local\Android\Sdk\platform-tools;C:\Program Files\Go\bin;D:\Program Files\hashcat-6.1.1;D:\flutter\bin;;C:\Program Files\Docker\Docker\resources\bin;C:\ProgramData\DockerDesktop\version-bin;C:\Users\DosGo\.cargo\bin;C:\Program Files (x86)\Python\Python37-32\Scripts\;C:\Program Files (x86)\Python\Python37-32\;C:\Users\DosGo\AppData\Local\Microsoft\WindowsApps;C:\Users\DosGo\AppData\Roaming\npm;;C:\Users\DosGo\AppData\Local\Programs\Microsoft VS Code\bin;C:\Program Files\JetBrains\GoLand 2020.1\bin;;C:\Program Files\JetBrains\PhpStorm 2020.1\bin;;C:\Users\DosGo\go\bin
USERNAME=DosGo
OS=Windows_NT
PROCESSOR_IDENTIFIER=Intel64 Family 6 Model 142 Stepping 9, GenuineIntel



---------------  S Y S T E M  ---------------

OS: Windows 10.0 , 64 bit Build 19041 (10.0.19041.1023)

CPU:total 4 (initial active 4) (2 cores per cpu, 2 threads per core) family 6 model 142 stepping 9, cmov, cx8, fxsr, mmx, sse, sse2, sse3, ssse3, sse4.1, sse4.2, popcnt, avx, avx2, aes, clmul, erms, 3dnowpref, lzcnt, ht, tsc, tscinvbit, bmi1, bmi2, adx

Memory: 4k page, physical 16642280k(1772892k free), swap 16642280k(4096k free)

vm_info: OpenJDK 64-Bit Server VM (25.242-b01) for windows-amd64 JRE (1.8.0_242-release-1644-b01), built by "builder" with MS VC++ 10.0 (VS2010)

time: Tue Jun 29 23:15:55 2021
timezone: 中国标准时间
elapsed time: 7 seconds (0d 0h 0m 7s)

